<?xml version="1.0" encoding="UTF-8"?>
<testsuite name="kom.task.domain.user.UserRepositoryTest" tests="1" skipped="0" failures="0" errors="0" timestamp="2021-05-24T08:59:42" hostname="Komputers" time="0.012">
  <properties/>
  <testcase name="user_repository_save_test" classname="kom.task.domain.user.UserRepositoryTest" time="0.012"/>
  <system-out><![CDATA[2021-05-24 17:59:42.368  INFO 13708 --- [    Test worker] .b.t.c.SpringBootTestContextBootstrapper : Neither @ContextConfiguration nor @ContextHierarchy found for test class [kom.task.domain.user.UserRepositoryTest], using SpringBootContextLoader
2021-05-24 17:59:42.369  INFO 13708 --- [    Test worker] o.s.t.c.support.AbstractContextLoader    : Could not detect default resource locations for test class [kom.task.domain.user.UserRepositoryTest]: no resource found for suffixes {-context.xml, Context.groovy}.
2021-05-24 17:59:42.369  INFO 13708 --- [    Test worker] t.c.s.AnnotationConfigContextLoaderUtils : Could not detect default configuration classes for test class [kom.task.domain.user.UserRepositoryTest]: UserRepositoryTest does not declare any static, non-private, non-final, nested classes annotated with @Configuration.
2021-05-24 17:59:42.379  INFO 13708 --- [    Test worker] .b.t.c.SpringBootTestContextBootstrapper : Found @SpringBootConfiguration kom.task.Application for test class kom.task.domain.user.UserRepositoryTest
2021-05-24 17:59:42.381  INFO 13708 --- [    Test worker] .b.t.c.SpringBootTestContextBootstrapper : Loaded default TestExecutionListener class names from location [META-INF/spring.factories]: [org.springframework.boot.test.autoconfigure.restdocs.RestDocsTestExecutionListener, org.springframework.boot.test.autoconfigure.web.client.MockRestServiceServerResetTestExecutionListener, org.springframework.boot.test.autoconfigure.web.servlet.MockMvcPrintOnlyOnFailureTestExecutionListener, org.springframework.boot.test.autoconfigure.web.servlet.WebDriverTestExecutionListener, org.springframework.boot.test.mock.mockito.MockitoTestExecutionListener, org.springframework.boot.test.mock.mockito.ResetMocksTestExecutionListener, org.springframework.test.context.web.ServletTestExecutionListener, org.springframework.test.context.support.DirtiesContextBeforeModesTestExecutionListener, org.springframework.test.context.support.DependencyInjectionTestExecutionListener, org.springframework.test.context.support.DirtiesContextTestExecutionListener, org.springframework.test.context.transaction.TransactionalTestExecutionListener, org.springframework.test.context.jdbc.SqlScriptsTestExecutionListener]
2021-05-24 17:59:42.382  INFO 13708 --- [    Test worker] .b.t.c.SpringBootTestContextBootstrapper : Using TestExecutionListeners: [org.springframework.test.context.web.ServletTestExecutionListener@398d6eb7, org.springframework.test.context.support.DirtiesContextBeforeModesTestExecutionListener@275f3dd1, org.springframework.boot.test.mock.mockito.MockitoTestExecutionListener@454a6813, org.springframework.boot.test.autoconfigure.SpringBootDependencyInjectionTestExecutionListener@507b858c, org.springframework.test.context.support.DirtiesContextTestExecutionListener@251b1e2, org.springframework.test.context.transaction.TransactionalTestExecutionListener@5cbeb5cc, org.springframework.test.context.jdbc.SqlScriptsTestExecutionListener@4a2244b8, org.springframework.boot.test.autoconfigure.restdocs.RestDocsTestExecutionListener@4679ef95, org.springframework.boot.test.autoconfigure.web.client.MockRestServiceServerResetTestExecutionListener@49288819, org.springframework.boot.test.autoconfigure.web.servlet.MockMvcPrintOnlyOnFailureTestExecutionListener@60914425, org.springframework.boot.test.autoconfigure.web.servlet.WebDriverTestExecutionListener@384edb0b, org.springframework.boot.test.mock.mockito.ResetMocksTestExecutionListener@31429ed0]
]]></system-out>
  <system-err><![CDATA[]]></system-err>
</testsuite>
