<?xml version="1.0" encoding="UTF-8"?>
<testsuite name="kom.task.domain.dailydo.todo.TodoRepositoryTest" tests="1" skipped="0" failures="0" errors="0" timestamp="2021-05-22T12:17:58" hostname="Komputers" time="0.015">
  <properties/>
  <testcase name="todo_repository_save_test" classname="kom.task.domain.dailydo.todo.TodoRepositoryTest" time="0.015"/>
  <system-out><![CDATA[2021-05-22 21:17:58.979  INFO 16292 --- [    Test worker] .b.t.c.SpringBootTestContextBootstrapper : Neither @ContextConfiguration nor @ContextHierarchy found for test class [kom.task.domain.dailydo.todo.TodoRepositoryTest], using SpringBootContextLoader
2021-05-22 21:17:58.980  INFO 16292 --- [    Test worker] o.s.t.c.support.AbstractContextLoader    : Could not detect default resource locations for test class [kom.task.domain.dailydo.todo.TodoRepositoryTest]: no resource found for suffixes {-context.xml, Context.groovy}.
2021-05-22 21:17:58.980  INFO 16292 --- [    Test worker] t.c.s.AnnotationConfigContextLoaderUtils : Could not detect default configuration classes for test class [kom.task.domain.dailydo.todo.TodoRepositoryTest]: TodoRepositoryTest does not declare any static, non-private, non-final, nested classes annotated with @Configuration.
2021-05-22 21:17:58.981  INFO 16292 --- [    Test worker] .b.t.c.SpringBootTestContextBootstrapper : Found @SpringBootConfiguration kom.task.Application for test class kom.task.domain.dailydo.todo.TodoRepositoryTest
2021-05-22 21:17:58.983  INFO 16292 --- [    Test worker] .b.t.c.SpringBootTestContextBootstrapper : Loaded default TestExecutionListener class names from location [META-INF/spring.factories]: [org.springframework.boot.test.autoconfigure.restdocs.RestDocsTestExecutionListener, org.springframework.boot.test.autoconfigure.web.client.MockRestServiceServerResetTestExecutionListener, org.springframework.boot.test.autoconfigure.web.servlet.MockMvcPrintOnlyOnFailureTestExecutionListener, org.springframework.boot.test.autoconfigure.web.servlet.WebDriverTestExecutionListener, org.springframework.boot.test.mock.mockito.MockitoTestExecutionListener, org.springframework.boot.test.mock.mockito.ResetMocksTestExecutionListener, org.springframework.test.context.web.ServletTestExecutionListener, org.springframework.test.context.support.DirtiesContextBeforeModesTestExecutionListener, org.springframework.test.context.support.DependencyInjectionTestExecutionListener, org.springframework.test.context.support.DirtiesContextTestExecutionListener, org.springframework.test.context.transaction.TransactionalTestExecutionListener, org.springframework.test.context.jdbc.SqlScriptsTestExecutionListener]
2021-05-22 21:17:58.983  INFO 16292 --- [    Test worker] .b.t.c.SpringBootTestContextBootstrapper : Using TestExecutionListeners: [org.springframework.test.context.web.ServletTestExecutionListener@4b2f7014, org.springframework.test.context.support.DirtiesContextBeforeModesTestExecutionListener@307ce451, org.springframework.boot.test.mock.mockito.MockitoTestExecutionListener@5e92b267, org.springframework.boot.test.autoconfigure.SpringBootDependencyInjectionTestExecutionListener@1c1ec80a, org.springframework.test.context.support.DirtiesContextTestExecutionListener@2c81b44d, org.springframework.test.context.transaction.TransactionalTestExecutionListener@7b0883e0, org.springframework.test.context.jdbc.SqlScriptsTestExecutionListener@30c2176c, org.springframework.boot.test.autoconfigure.restdocs.RestDocsTestExecutionListener@5a76d7e6, org.springframework.boot.test.autoconfigure.web.client.MockRestServiceServerResetTestExecutionListener@7b743339, org.springframework.boot.test.autoconfigure.web.servlet.MockMvcPrintOnlyOnFailureTestExecutionListener@44dcb834, org.springframework.boot.test.autoconfigure.web.servlet.WebDriverTestExecutionListener@6485beb4, org.springframework.boot.test.mock.mockito.ResetMocksTestExecutionListener@8209c25]
Hibernate: insert into todo (content, is_done, user_id) values (?, ?, ?)
Hibernate: select todo0_.id as id1_2_, todo0_.content as content2_2_, todo0_.is_done as is_done3_2_, todo0_.user_id as user_id4_2_ from todo todo0_
Hibernate: select todo0_.id as id1_2_, todo0_.content as content2_2_, todo0_.is_done as is_done3_2_, todo0_.user_id as user_id4_2_ from todo todo0_
Hibernate: delete from todo where id=?
]]></system-out>
  <system-err><![CDATA[]]></system-err>
</testsuite>
