<?xml version="1.0" encoding="UTF-8"?>
<testsuite name="kom.task.domain.user.UserRepositoryTest" tests="1" skipped="0" failures="0" errors="0" timestamp="2021-05-22T14:12:32" hostname="Komputers" time="0.013">
  <properties/>
  <testcase name="user_repository_save_test" classname="kom.task.domain.user.UserRepositoryTest" time="0.013"/>
  <system-out><![CDATA[2021-05-22 23:12:32.571  INFO 2384 --- [    Test worker] .b.t.c.SpringBootTestContextBootstrapper : Neither @ContextConfiguration nor @ContextHierarchy found for test class [kom.task.domain.user.UserRepositoryTest], using SpringBootContextLoader
2021-05-22 23:12:32.572  INFO 2384 --- [    Test worker] o.s.t.c.support.AbstractContextLoader    : Could not detect default resource locations for test class [kom.task.domain.user.UserRepositoryTest]: no resource found for suffixes {-context.xml, Context.groovy}.
2021-05-22 23:12:32.572  INFO 2384 --- [    Test worker] t.c.s.AnnotationConfigContextLoaderUtils : Could not detect default configuration classes for test class [kom.task.domain.user.UserRepositoryTest]: UserRepositoryTest does not declare any static, non-private, non-final, nested classes annotated with @Configuration.
2021-05-22 23:12:32.579  INFO 2384 --- [    Test worker] .b.t.c.SpringBootTestContextBootstrapper : Found @SpringBootConfiguration kom.task.Application for test class kom.task.domain.user.UserRepositoryTest
2021-05-22 23:12:32.580  INFO 2384 --- [    Test worker] .b.t.c.SpringBootTestContextBootstrapper : Loaded default TestExecutionListener class names from location [META-INF/spring.factories]: [org.springframework.boot.test.autoconfigure.restdocs.RestDocsTestExecutionListener, org.springframework.boot.test.autoconfigure.web.client.MockRestServiceServerResetTestExecutionListener, org.springframework.boot.test.autoconfigure.web.servlet.MockMvcPrintOnlyOnFailureTestExecutionListener, org.springframework.boot.test.autoconfigure.web.servlet.WebDriverTestExecutionListener, org.springframework.boot.test.mock.mockito.MockitoTestExecutionListener, org.springframework.boot.test.mock.mockito.ResetMocksTestExecutionListener, org.springframework.test.context.web.ServletTestExecutionListener, org.springframework.test.context.support.DirtiesContextBeforeModesTestExecutionListener, org.springframework.test.context.support.DependencyInjectionTestExecutionListener, org.springframework.test.context.support.DirtiesContextTestExecutionListener, org.springframework.test.context.transaction.TransactionalTestExecutionListener, org.springframework.test.context.jdbc.SqlScriptsTestExecutionListener]
2021-05-22 23:12:32.580  INFO 2384 --- [    Test worker] .b.t.c.SpringBootTestContextBootstrapper : Using TestExecutionListeners: [org.springframework.test.context.web.ServletTestExecutionListener@4a55f1b1, org.springframework.test.context.support.DirtiesContextBeforeModesTestExecutionListener@a360d75, org.springframework.boot.test.mock.mockito.MockitoTestExecutionListener@16653c73, org.springframework.boot.test.autoconfigure.SpringBootDependencyInjectionTestExecutionListener@3aea2685, org.springframework.test.context.support.DirtiesContextTestExecutionListener@5fd79010, org.springframework.test.context.transaction.TransactionalTestExecutionListener@65b0633a, org.springframework.test.context.jdbc.SqlScriptsTestExecutionListener@5a094d5b, org.springframework.boot.test.autoconfigure.restdocs.RestDocsTestExecutionListener@313c9691, org.springframework.boot.test.autoconfigure.web.client.MockRestServiceServerResetTestExecutionListener@5288c7b6, org.springframework.boot.test.autoconfigure.web.servlet.MockMvcPrintOnlyOnFailureTestExecutionListener@34c7d76e, org.springframework.boot.test.autoconfigure.web.servlet.WebDriverTestExecutionListener@24b43738, org.springframework.boot.test.mock.mockito.ResetMocksTestExecutionListener@7169b521]
Hibernate: select user0_.user_id as user_id1_3_0_, user0_.email as email2_3_0_, user0_.name as name3_3_0_, user0_.picture_url as picture_4_3_0_ from user user0_ where user0_.user_id=?
Hibernate: insert into user (email, name, picture_url, user_id) values (?, ?, ?, ?)
Hibernate: select user0_.user_id as user_id1_3_, user0_.email as email2_3_, user0_.name as name3_3_, user0_.picture_url as picture_4_3_ from user user0_
Hibernate: select user0_.user_id as user_id1_3_, user0_.email as email2_3_, user0_.name as name3_3_, user0_.picture_url as picture_4_3_ from user user0_
Hibernate: delete from user where user_id=?
]]></system-out>
  <system-err><![CDATA[]]></system-err>
</testsuite>
