<?xml version="1.0" encoding="UTF-8"?>
<testsuite name="kom.task.domain.dailydo.todo.TodoRepositoryTest" tests="1" skipped="0" failures="0" errors="0" timestamp="2021-05-22T14:12:32" hostname="Komputers" time="0.013">
  <properties/>
  <testcase name="todo_repository_save_test" classname="kom.task.domain.dailydo.todo.TodoRepositoryTest" time="0.013"/>
  <system-out><![CDATA[2021-05-22 23:12:32.526  INFO 2384 --- [    Test worker] .b.t.c.SpringBootTestContextBootstrapper : Neither @ContextConfiguration nor @ContextHierarchy found for test class [kom.task.domain.dailydo.todo.TodoRepositoryTest], using SpringBootContextLoader
2021-05-22 23:12:32.527  INFO 2384 --- [    Test worker] o.s.t.c.support.AbstractContextLoader    : Could not detect default resource locations for test class [kom.task.domain.dailydo.todo.TodoRepositoryTest]: no resource found for suffixes {-context.xml, Context.groovy}.
2021-05-22 23:12:32.527  INFO 2384 --- [    Test worker] t.c.s.AnnotationConfigContextLoaderUtils : Could not detect default configuration classes for test class [kom.task.domain.dailydo.todo.TodoRepositoryTest]: TodoRepositoryTest does not declare any static, non-private, non-final, nested classes annotated with @Configuration.
2021-05-22 23:12:32.529  INFO 2384 --- [    Test worker] .b.t.c.SpringBootTestContextBootstrapper : Found @SpringBootConfiguration kom.task.Application for test class kom.task.domain.dailydo.todo.TodoRepositoryTest
2021-05-22 23:12:32.530  INFO 2384 --- [    Test worker] .b.t.c.SpringBootTestContextBootstrapper : Loaded default TestExecutionListener class names from location [META-INF/spring.factories]: [org.springframework.boot.test.autoconfigure.restdocs.RestDocsTestExecutionListener, org.springframework.boot.test.autoconfigure.web.client.MockRestServiceServerResetTestExecutionListener, org.springframework.boot.test.autoconfigure.web.servlet.MockMvcPrintOnlyOnFailureTestExecutionListener, org.springframework.boot.test.autoconfigure.web.servlet.WebDriverTestExecutionListener, org.springframework.boot.test.mock.mockito.MockitoTestExecutionListener, org.springframework.boot.test.mock.mockito.ResetMocksTestExecutionListener, org.springframework.test.context.web.ServletTestExecutionListener, org.springframework.test.context.support.DirtiesContextBeforeModesTestExecutionListener, org.springframework.test.context.support.DependencyInjectionTestExecutionListener, org.springframework.test.context.support.DirtiesContextTestExecutionListener, org.springframework.test.context.transaction.TransactionalTestExecutionListener, org.springframework.test.context.jdbc.SqlScriptsTestExecutionListener]
2021-05-22 23:12:32.530  INFO 2384 --- [    Test worker] .b.t.c.SpringBootTestContextBootstrapper : Using TestExecutionListeners: [org.springframework.test.context.web.ServletTestExecutionListener@16015853, org.springframework.test.context.support.DirtiesContextBeforeModesTestExecutionListener@9b0e83b, org.springframework.boot.test.mock.mockito.MockitoTestExecutionListener@69368c7d, org.springframework.boot.test.autoconfigure.SpringBootDependencyInjectionTestExecutionListener@68cde80a, org.springframework.test.context.support.DirtiesContextTestExecutionListener@7412f680, org.springframework.test.context.transaction.TransactionalTestExecutionListener@7a6d2909, org.springframework.test.context.jdbc.SqlScriptsTestExecutionListener@27e5175d, org.springframework.boot.test.autoconfigure.restdocs.RestDocsTestExecutionListener@20ef3613, org.springframework.boot.test.autoconfigure.web.client.MockRestServiceServerResetTestExecutionListener@432a6278, org.springframework.boot.test.autoconfigure.web.servlet.MockMvcPrintOnlyOnFailureTestExecutionListener@501c2e75, org.springframework.boot.test.autoconfigure.web.servlet.WebDriverTestExecutionListener@5fcc84d4, org.springframework.boot.test.mock.mockito.ResetMocksTestExecutionListener@6ca6e90]
Hibernate: insert into todo (content, is_done, user_id) values (?, ?, ?)
Hibernate: select todo0_.id as id1_2_, todo0_.content as content2_2_, todo0_.is_done as is_done3_2_, todo0_.user_id as user_id4_2_ from todo todo0_
Hibernate: select todo0_.id as id1_2_, todo0_.content as content2_2_, todo0_.is_done as is_done3_2_, todo0_.user_id as user_id4_2_ from todo todo0_
Hibernate: delete from todo where id=?
]]></system-out>
  <system-err><![CDATA[]]></system-err>
</testsuite>
