<?xml version="1.0" encoding="UTF-8"?>
<testsuite name="kom.task.domain.dailydo.todo.TodoRepositoryTest" tests="1" skipped="0" failures="0" errors="0" timestamp="2021-05-22T11:56:41" hostname="Komputers" time="0.015">
  <properties/>
  <testcase name="todo_repository_save_test" classname="kom.task.domain.dailydo.todo.TodoRepositoryTest" time="0.015"/>
  <system-out><![CDATA[2021-05-22 20:56:41.805  INFO 7432 --- [    Test worker] .b.t.c.SpringBootTestContextBootstrapper : Neither @ContextConfiguration nor @ContextHierarchy found for test class [kom.task.domain.dailydo.todo.TodoRepositoryTest], using SpringBootContextLoader
2021-05-22 20:56:41.806  INFO 7432 --- [    Test worker] o.s.t.c.support.AbstractContextLoader    : Could not detect default resource locations for test class [kom.task.domain.dailydo.todo.TodoRepositoryTest]: no resource found for suffixes {-context.xml, Context.groovy}.
2021-05-22 20:56:41.806  INFO 7432 --- [    Test worker] t.c.s.AnnotationConfigContextLoaderUtils : Could not detect default configuration classes for test class [kom.task.domain.dailydo.todo.TodoRepositoryTest]: TodoRepositoryTest does not declare any static, non-private, non-final, nested classes annotated with @Configuration.
2021-05-22 20:56:41.807  INFO 7432 --- [    Test worker] .b.t.c.SpringBootTestContextBootstrapper : Found @SpringBootConfiguration kom.task.Application for test class kom.task.domain.dailydo.todo.TodoRepositoryTest
2021-05-22 20:56:41.809  INFO 7432 --- [    Test worker] .b.t.c.SpringBootTestContextBootstrapper : Loaded default TestExecutionListener class names from location [META-INF/spring.factories]: [org.springframework.boot.test.autoconfigure.restdocs.RestDocsTestExecutionListener, org.springframework.boot.test.autoconfigure.web.client.MockRestServiceServerResetTestExecutionListener, org.springframework.boot.test.autoconfigure.web.servlet.MockMvcPrintOnlyOnFailureTestExecutionListener, org.springframework.boot.test.autoconfigure.web.servlet.WebDriverTestExecutionListener, org.springframework.boot.test.mock.mockito.MockitoTestExecutionListener, org.springframework.boot.test.mock.mockito.ResetMocksTestExecutionListener, org.springframework.test.context.web.ServletTestExecutionListener, org.springframework.test.context.support.DirtiesContextBeforeModesTestExecutionListener, org.springframework.test.context.support.DependencyInjectionTestExecutionListener, org.springframework.test.context.support.DirtiesContextTestExecutionListener, org.springframework.test.context.transaction.TransactionalTestExecutionListener, org.springframework.test.context.jdbc.SqlScriptsTestExecutionListener]
2021-05-22 20:56:41.809  INFO 7432 --- [    Test worker] .b.t.c.SpringBootTestContextBootstrapper : Using TestExecutionListeners: [org.springframework.test.context.web.ServletTestExecutionListener@6ca6e90, org.springframework.test.context.support.DirtiesContextBeforeModesTestExecutionListener@16e3e593, org.springframework.boot.test.mock.mockito.MockitoTestExecutionListener@273d1ebc, org.springframework.boot.test.autoconfigure.SpringBootDependencyInjectionTestExecutionListener@1c6cd4ab, org.springframework.test.context.support.DirtiesContextTestExecutionListener@49079758, org.springframework.test.context.transaction.TransactionalTestExecutionListener@40412c96, org.springframework.test.context.jdbc.SqlScriptsTestExecutionListener@f4602dc, org.springframework.boot.test.autoconfigure.restdocs.RestDocsTestExecutionListener@75754613, org.springframework.boot.test.autoconfigure.web.client.MockRestServiceServerResetTestExecutionListener@bdb2b2, org.springframework.boot.test.autoconfigure.web.servlet.MockMvcPrintOnlyOnFailureTestExecutionListener@49511baf, org.springframework.boot.test.autoconfigure.web.servlet.WebDriverTestExecutionListener@763ea0bb, org.springframework.boot.test.mock.mockito.ResetMocksTestExecutionListener@292435b1]
Hibernate: insert into todo (content, is_done, user_id) values (?, ?, ?)
Hibernate: select todo0_.id as id1_2_, todo0_.content as content2_2_, todo0_.is_done as is_done3_2_, todo0_.user_id as user_id4_2_ from todo todo0_
Hibernate: select todo0_.id as id1_2_, todo0_.content as content2_2_, todo0_.is_done as is_done3_2_, todo0_.user_id as user_id4_2_ from todo todo0_
Hibernate: delete from todo where id=?
]]></system-out>
  <system-err><![CDATA[]]></system-err>
</testsuite>
