<?xml version="1.0" encoding="UTF-8"?>
<testsuite name="kom.task.domain.dailydo.todo.DaydoRepositoryTest" tests="1" skipped="0" failures="0" errors="0" timestamp="2021-05-22T14:02:23" hostname="Komputers" time="0.283">
  <properties/>
  <testcase name="daydo_repository_save_test" classname="kom.task.domain.dailydo.todo.DaydoRepositoryTest" time="0.283"/>
  <system-out><![CDATA[23:02:19.120 [Test worker] DEBUG org.springframework.test.context.junit4.SpringJUnit4ClassRunner - SpringJUnit4ClassRunner constructor called with [class kom.task.domain.dailydo.todo.DaydoRepositoryTest]
23:02:19.127 [Test worker] DEBUG org.springframework.test.context.BootstrapUtils - Instantiating CacheAwareContextLoaderDelegate from class [org.springframework.test.context.cache.DefaultCacheAwareContextLoaderDelegate]
23:02:19.134 [Test worker] DEBUG org.springframework.test.context.BootstrapUtils - Instantiating BootstrapContext using constructor [public org.springframework.test.context.support.DefaultBootstrapContext(java.lang.Class,org.springframework.test.context.CacheAwareContextLoaderDelegate)]
23:02:19.150 [Test worker] DEBUG org.springframework.test.context.BootstrapUtils - Instantiating TestContextBootstrapper for test class [kom.task.domain.dailydo.todo.DaydoRepositoryTest] from class [org.springframework.boot.test.context.SpringBootTestContextBootstrapper]
23:02:19.161 [Test worker] INFO org.springframework.boot.test.context.SpringBootTestContextBootstrapper - Neither @ContextConfiguration nor @ContextHierarchy found for test class [kom.task.domain.dailydo.todo.DaydoRepositoryTest], using SpringBootContextLoader
23:02:19.164 [Test worker] DEBUG org.springframework.test.context.support.AbstractContextLoader - Did not detect default resource location for test class [kom.task.domain.dailydo.todo.DaydoRepositoryTest]: class path resource [kom/task/domain/dailydo/todo/DaydoRepositoryTest-context.xml] does not exist
23:02:19.164 [Test worker] DEBUG org.springframework.test.context.support.AbstractContextLoader - Did not detect default resource location for test class [kom.task.domain.dailydo.todo.DaydoRepositoryTest]: class path resource [kom/task/domain/dailydo/todo/DaydoRepositoryTestContext.groovy] does not exist
23:02:19.164 [Test worker] INFO org.springframework.test.context.support.AbstractContextLoader - Could not detect default resource locations for test class [kom.task.domain.dailydo.todo.DaydoRepositoryTest]: no resource found for suffixes {-context.xml, Context.groovy}.
23:02:19.165 [Test worker] INFO org.springframework.test.context.support.AnnotationConfigContextLoaderUtils - Could not detect default configuration classes for test class [kom.task.domain.dailydo.todo.DaydoRepositoryTest]: DaydoRepositoryTest does not declare any static, non-private, non-final, nested classes annotated with @Configuration.
23:02:19.198 [Test worker] DEBUG org.springframework.test.context.support.ActiveProfilesUtils - Could not find an 'annotation declaring class' for annotation type [org.springframework.test.context.ActiveProfiles] and class [kom.task.domain.dailydo.todo.DaydoRepositoryTest]
23:02:19.263 [Test worker] DEBUG org.springframework.context.annotation.ClassPathScanningCandidateComponentProvider - Identified candidate component class: file [C:\Users\Komputer\Desktop\Komputer\Projects\TASK\server\build\classes\java\main\kom\task\Application.class]
23:02:19.264 [Test worker] INFO org.springframework.boot.test.context.SpringBootTestContextBootstrapper - Found @SpringBootConfiguration kom.task.Application for test class kom.task.domain.dailydo.todo.DaydoRepositoryTest
23:02:19.349 [Test worker] DEBUG org.springframework.boot.test.context.SpringBootTestContextBootstrapper - @TestExecutionListeners is not present for class [kom.task.domain.dailydo.todo.DaydoRepositoryTest]: using defaults.
23:02:19.350 [Test worker] INFO org.springframework.boot.test.context.SpringBootTestContextBootstrapper - Loaded default TestExecutionListener class names from location [META-INF/spring.factories]: [org.springframework.boot.test.autoconfigure.restdocs.RestDocsTestExecutionListener, org.springframework.boot.test.autoconfigure.web.client.MockRestServiceServerResetTestExecutionListener, org.springframework.boot.test.autoconfigure.web.servlet.MockMvcPrintOnlyOnFailureTestExecutionListener, org.springframework.boot.test.autoconfigure.web.servlet.WebDriverTestExecutionListener, org.springframework.boot.test.mock.mockito.MockitoTestExecutionListener, org.springframework.boot.test.mock.mockito.ResetMocksTestExecutionListener, org.springframework.test.context.web.ServletTestExecutionListener, org.springframework.test.context.support.DirtiesContextBeforeModesTestExecutionListener, org.springframework.test.context.support.DependencyInjectionTestExecutionListener, org.springframework.test.context.support.DirtiesContextTestExecutionListener, org.springframework.test.context.transaction.TransactionalTestExecutionListener, org.springframework.test.context.jdbc.SqlScriptsTestExecutionListener]
23:02:19.366 [Test worker] INFO org.springframework.boot.test.context.SpringBootTestContextBootstrapper - Using TestExecutionListeners: [org.springframework.test.context.web.ServletTestExecutionListener@7624c4dc, org.springframework.test.context.support.DirtiesContextBeforeModesTestExecutionListener@4602ad67, org.springframework.boot.test.mock.mockito.MockitoTestExecutionListener@44637502, org.springframework.boot.test.autoconfigure.SpringBootDependencyInjectionTestExecutionListener@1800f1ca, org.springframework.test.context.support.DirtiesContextTestExecutionListener@4852c432, org.springframework.test.context.transaction.TransactionalTestExecutionListener@1be821ca, org.springframework.test.context.jdbc.SqlScriptsTestExecutionListener@44fc8cd0, org.springframework.boot.test.autoconfigure.restdocs.RestDocsTestExecutionListener@5bedbb24, org.springframework.boot.test.autoconfigure.web.client.MockRestServiceServerResetTestExecutionListener@5c0973f, org.springframework.boot.test.autoconfigure.web.servlet.MockMvcPrintOnlyOnFailureTestExecutionListener@5f7c003c, org.springframework.boot.test.autoconfigure.web.servlet.WebDriverTestExecutionListener@7fc69d0f, org.springframework.boot.test.mock.mockito.ResetMocksTestExecutionListener@49c43d48]
23:02:19.368 [Test worker] DEBUG org.springframework.test.annotation.ProfileValueUtils - Retrieved @ProfileValueSourceConfiguration [null] for test class [kom.task.domain.dailydo.todo.DaydoRepositoryTest]
23:02:19.368 [Test worker] DEBUG org.springframework.test.annotation.ProfileValueUtils - Retrieved ProfileValueSource type [class org.springframework.test.annotation.SystemProfileValueSource] for class [kom.task.domain.dailydo.todo.DaydoRepositoryTest]
23:02:19.369 [Test worker] DEBUG org.springframework.test.annotation.ProfileValueUtils - Retrieved @ProfileValueSourceConfiguration [null] for test class [kom.task.domain.dailydo.todo.DaydoRepositoryTest]
23:02:19.369 [Test worker] DEBUG org.springframework.test.annotation.ProfileValueUtils - Retrieved ProfileValueSource type [class org.springframework.test.annotation.SystemProfileValueSource] for class [kom.task.domain.dailydo.todo.DaydoRepositoryTest]
23:02:19.370 [Test worker] DEBUG org.springframework.test.annotation.ProfileValueUtils - Retrieved @ProfileValueSourceConfiguration [null] for test class [kom.task.domain.dailydo.todo.DaydoRepositoryTest]
23:02:19.370 [Test worker] DEBUG org.springframework.test.annotation.ProfileValueUtils - Retrieved ProfileValueSource type [class org.springframework.test.annotation.SystemProfileValueSource] for class [kom.task.domain.dailydo.todo.DaydoRepositoryTest]
23:02:19.371 [Test worker] DEBUG org.springframework.test.annotation.ProfileValueUtils - Retrieved @ProfileValueSourceConfiguration [null] for test class [kom.task.domain.dailydo.todo.DaydoRepositoryTest]
23:02:19.371 [Test worker] DEBUG org.springframework.test.annotation.ProfileValueUtils - Retrieved ProfileValueSource type [class org.springframework.test.annotation.SystemProfileValueSource] for class [kom.task.domain.dailydo.todo.DaydoRepositoryTest]
23:02:19.381 [Test worker] DEBUG org.springframework.test.context.support.AbstractDirtiesContextTestExecutionListener - Before test class: context [DefaultTestContext@3eed636b testClass = DaydoRepositoryTest, testInstance = [null], testMethod = [null], testException = [null], mergedContextConfiguration = [WebMergedContextConfiguration@722b703 testClass = DaydoRepositoryTest, locations = '{}', classes = '{class kom.task.Application}', contextInitializerClasses = '[]', activeProfiles = '{}', propertySourceLocations = '{}', propertySourceProperties = '{org.springframework.boot.test.context.SpringBootTestContextBootstrapper=true}', contextCustomizers = set[org.springframework.boot.test.autoconfigure.properties.PropertyMappingContextCustomizer@0, org.springframework.boot.test.autoconfigure.web.servlet.WebDriverContextCustomizerFactory$Customizer@664a4a1c, org.springframework.boot.test.context.filter.ExcludeFilterContextCustomizer@1f11cf94, org.springframework.boot.test.json.DuplicateJsonObjectContextCustomizerFactory$DuplicateJsonObjectContextCustomizer@263e5a6c, org.springframework.boot.test.mock.mockito.MockitoContextCustomizer@0, org.springframework.boot.test.web.client.TestRestTemplateContextCustomizer@588edbb7], resourceBasePath = 'src/main/webapp', contextLoader = 'org.springframework.boot.test.context.SpringBootContextLoader', parent = [null]], attributes = map['org.springframework.test.context.web.ServletTestExecutionListener.activateListener' -> true]], class annotated with @DirtiesContext [false] with mode [null].
23:02:19.381 [Test worker] DEBUG org.springframework.test.annotation.ProfileValueUtils - Retrieved @ProfileValueSourceConfiguration [null] for test class [kom.task.domain.dailydo.todo.DaydoRepositoryTest]
23:02:19.381 [Test worker] DEBUG org.springframework.test.annotation.ProfileValueUtils - Retrieved ProfileValueSource type [class org.springframework.test.annotation.SystemProfileValueSource] for class [kom.task.domain.dailydo.todo.DaydoRepositoryTest]
23:02:19.399 [Test worker] DEBUG org.springframework.test.context.support.TestPropertySourceUtils - Adding inlined properties to environment: {spring.jmx.enabled=false, org.springframework.boot.test.context.SpringBootTestContextBootstrapper=true, server.port=-1}

  .   ____          _            __ _ _
 /\\ / ___'_ __ _ _(_)_ __  __ _ \ \ \ \
( ( )\___ | '_ | '_| | '_ \/ _` | \ \ \ \
 \\/  ___)| |_)| | | | | || (_| |  ) ) ) )
  '  |____| .__|_| |_|_| |_\__, | / / / /
 =========|_|==============|___/=/_/_/_/
 :: Spring Boot ::        (v2.1.7.RELEASE)

2021-05-22 23:02:19.591  INFO 6084 --- [    Test worker] k.t.d.dailydo.todo.DaydoRepositoryTest   : Starting DaydoRepositoryTest on Komputers with PID 6084 (started by Komputer in C:\Users\Komputer\Desktop\Komputer\Projects\TASK\server)
2021-05-22 23:02:19.592  INFO 6084 --- [    Test worker] k.t.d.dailydo.todo.DaydoRepositoryTest   : No active profile set, falling back to default profiles: default
2021-05-22 23:02:20.201  INFO 6084 --- [    Test worker] .s.d.r.c.RepositoryConfigurationDelegate : Bootstrapping Spring Data repositories in DEFAULT mode.
2021-05-22 23:02:20.290  INFO 6084 --- [    Test worker] .s.d.r.c.RepositoryConfigurationDelegate : Finished Spring Data repository scanning in 79ms. Found 4 repository interfaces.
2021-05-22 23:02:20.630  INFO 6084 --- [    Test worker] trationDelegate$BeanPostProcessorChecker : Bean 'org.springframework.transaction.annotation.ProxyTransactionManagementConfiguration' of type [org.springframework.transaction.annotation.ProxyTransactionManagementConfiguration$$EnhancerBySpringCGLIB$$d78c34a9] is not eligible for getting processed by all BeanPostProcessors (for example: not eligible for auto-proxying)
2021-05-22 23:02:20.860  INFO 6084 --- [    Test worker] com.zaxxer.hikari.HikariDataSource       : HikariPool-1 - Starting...
2021-05-22 23:02:21.009  INFO 6084 --- [    Test worker] com.zaxxer.hikari.HikariDataSource       : HikariPool-1 - Start completed.
2021-05-22 23:02:21.089  INFO 6084 --- [    Test worker] o.hibernate.jpa.internal.util.LogHelper  : HHH000204: Processing PersistenceUnitInfo [
	name: default
	...]
2021-05-22 23:02:21.170  INFO 6084 --- [    Test worker] org.hibernate.Version                    : HHH000412: Hibernate Core {5.3.10.Final}
2021-05-22 23:02:21.171  INFO 6084 --- [    Test worker] org.hibernate.cfg.Environment            : HHH000206: hibernate.properties not found
2021-05-22 23:02:21.344  INFO 6084 --- [    Test worker] o.hibernate.annotations.common.Version   : HCANN000001: Hibernate Commons Annotations {5.0.4.Final}
2021-05-22 23:02:21.505  INFO 6084 --- [    Test worker] org.hibernate.dialect.Dialect            : HHH000400: Using dialect: org.hibernate.dialect.MySQL5InnoDBDialect
Hibernate: drop table if exists daydo
Hibernate: drop table if exists pomodoro
Hibernate: drop table if exists todo
Hibernate: drop table if exists user
Hibernate: create table daydo (id bigint not null auto_increment, content varchar(255), day integer, user_id varchar(255), primary key (id)) engine=InnoDB
Hibernate: create table pomodoro (user_id varchar(255) not null, pomo integer, timer_set integer, primary key (user_id)) engine=InnoDB
Hibernate: create table todo (id bigint not null auto_increment, content varchar(255), is_done bit, user_id varchar(255), primary key (id)) engine=InnoDB
Hibernate: create table user (user_id varchar(255) not null, email varchar(255) not null, name varchar(255) not null, picture_url varchar(255), primary key (user_id)) engine=InnoDB
2021-05-22 23:02:22.167  INFO 6084 --- [    Test worker] o.h.t.schema.internal.SchemaCreatorImpl  : HHH000476: Executing import script 'org.hibernate.tool.schema.internal.exec.ScriptSourceInputNonExistentImpl@20d6565a'
2021-05-22 23:02:22.170  INFO 6084 --- [    Test worker] j.LocalContainerEntityManagerFactoryBean : Initialized JPA EntityManagerFactory for persistence unit 'default'
2021-05-22 23:02:23.205  INFO 6084 --- [    Test worker] o.s.s.concurrent.ThreadPoolTaskExecutor  : Initializing ExecutorService 'applicationTaskExecutor'
2021-05-22 23:02:23.255  WARN 6084 --- [    Test worker] aWebConfiguration$JpaWebMvcConfiguration : spring.jpa.open-in-view is enabled by default. Therefore, database queries may be performed during view rendering. Explicitly configure spring.jpa.open-in-view to disable this warning
2021-05-22 23:02:23.642  INFO 6084 --- [    Test worker] k.t.d.dailydo.todo.DaydoRepositoryTest   : Started DaydoRepositoryTest in 4.237 seconds (JVM running for 5.13)
Hibernate: insert into daydo (content, day, user_id) values (?, ?, ?)
2021-05-22 23:02:23.777  INFO 6084 --- [    Test worker] o.h.h.i.QueryTranslatorFactoryInitiator  : HHH000397: Using ASTQueryTranslatorFactory
Hibernate: select daydo0_.id as id1_0_, daydo0_.content as content2_0_, daydo0_.day as day3_0_, daydo0_.user_id as user_id4_0_ from daydo daydo0_
Hibernate: select daydo0_.id as id1_0_, daydo0_.content as content2_0_, daydo0_.day as day3_0_, daydo0_.user_id as user_id4_0_ from daydo daydo0_
Hibernate: delete from daydo where id=?
]]></system-out>
  <system-err><![CDATA[]]></system-err>
</testsuite>
