<?xml version="1.0" encoding="UTF-8"?>
<testsuite name="kom.task.domain.pomdoro.PomodoroRepositoryTest" tests="1" skipped="0" failures="0" errors="0" timestamp="2021-05-24T08:59:42" hostname="Komputers" time="0.018">
  <properties/>
  <testcase name="pomodoro_repository_save_test" classname="kom.task.domain.pomdoro.PomodoroRepositoryTest" time="0.018"/>
  <system-out><![CDATA[2021-05-24 17:59:42.334  INFO 13708 --- [    Test worker] .b.t.c.SpringBootTestContextBootstrapper : Neither @ContextConfiguration nor @ContextHierarchy found for test class [kom.task.domain.pomdoro.PomodoroRepositoryTest], using SpringBootContextLoader
2021-05-24 17:59:42.335  INFO 13708 --- [    Test worker] o.s.t.c.support.AbstractContextLoader    : Could not detect default resource locations for test class [kom.task.domain.pomdoro.PomodoroRepositoryTest]: no resource found for suffixes {-context.xml, Context.groovy}.
2021-05-24 17:59:42.335  INFO 13708 --- [    Test worker] t.c.s.AnnotationConfigContextLoaderUtils : Could not detect default configuration classes for test class [kom.task.domain.pomdoro.PomodoroRepositoryTest]: PomodoroRepositoryTest does not declare any static, non-private, non-final, nested classes annotated with @Configuration.
2021-05-24 17:59:42.344  INFO 13708 --- [    Test worker] .b.t.c.SpringBootTestContextBootstrapper : Found @SpringBootConfiguration kom.task.Application for test class kom.task.domain.pomdoro.PomodoroRepositoryTest
2021-05-24 17:59:42.346  INFO 13708 --- [    Test worker] .b.t.c.SpringBootTestContextBootstrapper : Loaded default TestExecutionListener class names from location [META-INF/spring.factories]: [org.springframework.boot.test.autoconfigure.restdocs.RestDocsTestExecutionListener, org.springframework.boot.test.autoconfigure.web.client.MockRestServiceServerResetTestExecutionListener, org.springframework.boot.test.autoconfigure.web.servlet.MockMvcPrintOnlyOnFailureTestExecutionListener, org.springframework.boot.test.autoconfigure.web.servlet.WebDriverTestExecutionListener, org.springframework.boot.test.mock.mockito.MockitoTestExecutionListener, org.springframework.boot.test.mock.mockito.ResetMocksTestExecutionListener, org.springframework.test.context.web.ServletTestExecutionListener, org.springframework.test.context.support.DirtiesContextBeforeModesTestExecutionListener, org.springframework.test.context.support.DependencyInjectionTestExecutionListener, org.springframework.test.context.support.DirtiesContextTestExecutionListener, org.springframework.test.context.transaction.TransactionalTestExecutionListener, org.springframework.test.context.jdbc.SqlScriptsTestExecutionListener]
2021-05-24 17:59:42.346  INFO 13708 --- [    Test worker] .b.t.c.SpringBootTestContextBootstrapper : Using TestExecutionListeners: [org.springframework.test.context.web.ServletTestExecutionListener@703c34b7, org.springframework.test.context.support.DirtiesContextBeforeModesTestExecutionListener@6272e654, org.springframework.boot.test.mock.mockito.MockitoTestExecutionListener@3c829fe9, org.springframework.boot.test.autoconfigure.SpringBootDependencyInjectionTestExecutionListener@39dfe21a, org.springframework.test.context.support.DirtiesContextTestExecutionListener@28d7e01a, org.springframework.test.context.transaction.TransactionalTestExecutionListener@5de2e312, org.springframework.test.context.jdbc.SqlScriptsTestExecutionListener@75374290, org.springframework.boot.test.autoconfigure.restdocs.RestDocsTestExecutionListener@33bea11e, org.springframework.boot.test.autoconfigure.web.client.MockRestServiceServerResetTestExecutionListener@24fe5043, org.springframework.boot.test.autoconfigure.web.servlet.MockMvcPrintOnlyOnFailureTestExecutionListener@6e4eddbd, org.springframework.boot.test.autoconfigure.web.servlet.WebDriverTestExecutionListener@21223126, org.springframework.boot.test.mock.mockito.ResetMocksTestExecutionListener@67d2d24d]
]]></system-out>
  <system-err><![CDATA[]]></system-err>
</testsuite>
