<?xml version="1.0" encoding="UTF-8"?>
<testsuite name="kom.task.web.TaskApiControllerTest" tests="2" skipped="0" failures="0" errors="0" timestamp="2021-04-25T12:49:43" hostname="Komputers" time="0.258">
  <properties/>
  <testcase name="update_task" classname="kom.task.web.TaskApiControllerTest" time="0.239"/>
  <testcase name="create_task" classname="kom.task.web.TaskApiControllerTest" time="0.018"/>
  <system-out><![CDATA[2021-04-25 21:49:42.378  INFO 1456 --- [    Test worker] .b.t.c.SpringBootTestContextBootstrapper : Neither @ContextConfiguration nor @ContextHierarchy found for test class [kom.task.web.TaskApiControllerTest], using SpringBootContextLoader
2021-04-25 21:49:42.379  INFO 1456 --- [    Test worker] o.s.t.c.support.AbstractContextLoader    : Could not detect default resource locations for test class [kom.task.web.TaskApiControllerTest]: no resource found for suffixes {-context.xml, Context.groovy}.
2021-04-25 21:49:42.379  INFO 1456 --- [    Test worker] t.c.s.AnnotationConfigContextLoaderUtils : Could not detect default configuration classes for test class [kom.task.web.TaskApiControllerTest]: TaskApiControllerTest does not declare any static, non-private, non-final, nested classes annotated with @Configuration.
2021-04-25 21:49:42.386  INFO 1456 --- [    Test worker] .b.t.c.SpringBootTestContextBootstrapper : Found @SpringBootConfiguration kom.task.Application for test class kom.task.web.TaskApiControllerTest
2021-04-25 21:49:42.387  INFO 1456 --- [    Test worker] .b.t.c.SpringBootTestContextBootstrapper : Loaded default TestExecutionListener class names from location [META-INF/spring.factories]: [org.springframework.boot.test.autoconfigure.restdocs.RestDocsTestExecutionListener, org.springframework.boot.test.autoconfigure.web.client.MockRestServiceServerResetTestExecutionListener, org.springframework.boot.test.autoconfigure.web.servlet.MockMvcPrintOnlyOnFailureTestExecutionListener, org.springframework.boot.test.autoconfigure.web.servlet.WebDriverTestExecutionListener, org.springframework.boot.test.mock.mockito.MockitoTestExecutionListener, org.springframework.boot.test.mock.mockito.ResetMocksTestExecutionListener, org.springframework.test.context.web.ServletTestExecutionListener, org.springframework.test.context.support.DirtiesContextBeforeModesTestExecutionListener, org.springframework.test.context.support.DependencyInjectionTestExecutionListener, org.springframework.test.context.support.DirtiesContextTestExecutionListener, org.springframework.test.context.transaction.TransactionalTestExecutionListener, org.springframework.test.context.jdbc.SqlScriptsTestExecutionListener]
2021-04-25 21:49:42.388  INFO 1456 --- [    Test worker] .b.t.c.SpringBootTestContextBootstrapper : Using TestExecutionListeners: [org.springframework.test.context.web.ServletTestExecutionListener@5c5ac3a3, org.springframework.test.context.support.DirtiesContextBeforeModesTestExecutionListener@5a304c28, org.springframework.boot.test.mock.mockito.MockitoTestExecutionListener@172a2485, org.springframework.boot.test.autoconfigure.SpringBootDependencyInjectionTestExecutionListener@1a1a9238, org.springframework.test.context.support.DirtiesContextTestExecutionListener@10d70d03, org.springframework.test.context.transaction.TransactionalTestExecutionListener@485e423d, org.springframework.test.context.jdbc.SqlScriptsTestExecutionListener@e9649bf, org.springframework.boot.test.autoconfigure.restdocs.RestDocsTestExecutionListener@40d38107, org.springframework.boot.test.autoconfigure.web.client.MockRestServiceServerResetTestExecutionListener@6844230b, org.springframework.boot.test.autoconfigure.web.servlet.MockMvcPrintOnlyOnFailureTestExecutionListener@52b1cb94, org.springframework.boot.test.autoconfigure.web.servlet.WebDriverTestExecutionListener@6e56bbcc, org.springframework.boot.test.mock.mockito.ResetMocksTestExecutionListener@3251c4b8]

  .   ____          _            __ _ _
 /\\ / ___'_ __ _ _(_)_ __  __ _ \ \ \ \
( ( )\___ | '_ | '_| | '_ \/ _` | \ \ \ \
 \\/  ___)| |_)| | | | | || (_| |  ) ) ) )
  '  |____| .__|_| |_|_| |_\__, | / / / /
 =========|_|==============|___/=/_/_/_/
 :: Spring Boot ::        (v2.1.7.RELEASE)

2021-04-25 21:49:42.416  INFO 1456 --- [    Test worker] kom.task.web.TaskApiControllerTest       : Starting TaskApiControllerTest on Komputers with PID 1456 (started by Komputer in C:\Users\Komputer\Desktop\Komputer\Projects\TASK\server)
2021-04-25 21:49:42.416  INFO 1456 --- [    Test worker] kom.task.web.TaskApiControllerTest       : No active profile set, falling back to default profiles: default
2021-04-25 21:49:42.568  INFO 1456 --- [    Test worker] .s.d.r.c.RepositoryConfigurationDelegate : Bootstrapping Spring Data repositories in DEFAULT mode.
2021-04-25 21:49:42.579  INFO 1456 --- [    Test worker] .s.d.r.c.RepositoryConfigurationDelegate : Finished Spring Data repository scanning in 11ms. Found 1 repository interfaces.
2021-04-25 21:49:42.631  INFO 1456 --- [    Test worker] trationDelegate$BeanPostProcessorChecker : Bean 'org.springframework.transaction.annotation.ProxyTransactionManagementConfiguration' of type [org.springframework.transaction.annotation.ProxyTransactionManagementConfiguration$$EnhancerBySpringCGLIB$$9fd5eb9d] is not eligible for getting processed by all BeanPostProcessors (for example: not eligible for auto-proxying)
2021-04-25 21:49:42.819  INFO 1456 --- [    Test worker] o.s.b.w.embedded.tomcat.TomcatWebServer  : Tomcat initialized with port(s): 0 (http)
2021-04-25 21:49:42.845  INFO 1456 --- [    Test worker] o.apache.catalina.core.StandardService   : Starting service [Tomcat]
2021-04-25 21:49:42.846  INFO 1456 --- [    Test worker] org.apache.catalina.core.StandardEngine  : Starting Servlet engine: [Apache Tomcat/9.0.22]
2021-04-25 21:49:42.981  INFO 1456 --- [    Test worker] o.a.c.c.C.[Tomcat].[localhost].[/]       : Initializing Spring embedded WebApplicationContext
2021-04-25 21:49:42.981  INFO 1456 --- [    Test worker] o.s.web.context.ContextLoader            : Root WebApplicationContext: initialization completed in 563 ms
2021-04-25 21:49:43.109  INFO 1456 --- [    Test worker] com.zaxxer.hikari.HikariDataSource       : HikariPool-2 - Starting...
2021-04-25 21:49:43.109  INFO 1456 --- [    Test worker] com.zaxxer.hikari.HikariDataSource       : HikariPool-2 - Start completed.
2021-04-25 21:49:43.126  INFO 1456 --- [    Test worker] o.hibernate.jpa.internal.util.LogHelper  : HHH000204: Processing PersistenceUnitInfo [
	name: default
	...]
2021-04-25 21:49:43.132  INFO 1456 --- [    Test worker] org.hibernate.dialect.Dialect            : HHH000400: Using dialect: org.hibernate.dialect.H2Dialect
2021-04-25 21:49:43.176  INFO 1456 --- [    Test worker] o.h.t.schema.internal.SchemaCreatorImpl  : HHH000476: Executing import script 'org.hibernate.tool.schema.internal.exec.ScriptSourceInputNonExistentImpl@61ed3817'
2021-04-25 21:49:43.176  INFO 1456 --- [    Test worker] j.LocalContainerEntityManagerFactoryBean : Initialized JPA EntityManagerFactory for persistence unit 'default'
2021-04-25 21:49:43.371  INFO 1456 --- [    Test worker] o.s.s.concurrent.ThreadPoolTaskExecutor  : Initializing ExecutorService 'applicationTaskExecutor'
2021-04-25 21:49:43.380  WARN 1456 --- [    Test worker] aWebConfiguration$JpaWebMvcConfiguration : spring.jpa.open-in-view is enabled by default. Therefore, database queries may be performed during view rendering. Explicitly configure spring.jpa.open-in-view to disable this warning
2021-04-25 21:49:43.560  INFO 1456 --- [    Test worker] o.s.b.w.embedded.tomcat.TomcatWebServer  : Tomcat started on port(s): 51723 (http) with context path ''
2021-04-25 21:49:43.560  INFO 1456 --- [    Test worker] kom.task.web.TaskApiControllerTest       : Started TaskApiControllerTest in 1.17 seconds (JVM running for 5.803)
2021-04-25 21:49:43.690  INFO 1456 --- [o-auto-1-exec-1] o.a.c.c.C.[Tomcat].[localhost].[/]       : Initializing Spring DispatcherServlet 'dispatcherServlet'
2021-04-25 21:49:43.691  INFO 1456 --- [o-auto-1-exec-1] o.s.web.servlet.DispatcherServlet        : Initializing Servlet 'dispatcherServlet'
2021-04-25 21:49:43.709  INFO 1456 --- [o-auto-1-exec-1] o.s.web.servlet.DispatcherServlet        : Completed initialization in 18 ms
2021-04-25 21:49:43.798  INFO 1456 --- [    Test worker] o.h.h.i.QueryTranslatorFactoryInitiator  : HHH000397: Using ASTQueryTranslatorFactory
]]></system-out>
  <system-err><![CDATA[]]></system-err>
</testsuite>
