<?xml version="1.0" encoding="UTF-8"?>
<testsuite name="kom.task.domain.dailydo.todo.DaydoRepositoryTest" tests="1" skipped="0" failures="0" errors="0" timestamp="2021-05-09T03:25:28" hostname="Komputers" time="0.355">
  <properties/>
  <testcase name="daydo_repository_save_test" classname="kom.task.domain.dailydo.todo.DaydoRepositoryTest" time="0.355"/>
  <system-out><![CDATA[12:25:24.849 [Test worker] DEBUG org.springframework.test.context.junit4.SpringJUnit4ClassRunner - SpringJUnit4ClassRunner constructor called with [class kom.task.domain.dailydo.todo.DaydoRepositoryTest]
12:25:24.855 [Test worker] DEBUG org.springframework.test.context.BootstrapUtils - Instantiating CacheAwareContextLoaderDelegate from class [org.springframework.test.context.cache.DefaultCacheAwareContextLoaderDelegate]
12:25:24.861 [Test worker] DEBUG org.springframework.test.context.BootstrapUtils - Instantiating BootstrapContext using constructor [public org.springframework.test.context.support.DefaultBootstrapContext(java.lang.Class,org.springframework.test.context.CacheAwareContextLoaderDelegate)]
12:25:24.874 [Test worker] DEBUG org.springframework.test.context.BootstrapUtils - Instantiating TestContextBootstrapper for test class [kom.task.domain.dailydo.todo.DaydoRepositoryTest] from class [org.springframework.boot.test.context.SpringBootTestContextBootstrapper]
12:25:24.883 [Test worker] INFO org.springframework.boot.test.context.SpringBootTestContextBootstrapper - Neither @ContextConfiguration nor @ContextHierarchy found for test class [kom.task.domain.dailydo.todo.DaydoRepositoryTest], using SpringBootContextLoader
12:25:24.886 [Test worker] DEBUG org.springframework.test.context.support.AbstractContextLoader - Did not detect default resource location for test class [kom.task.domain.dailydo.todo.DaydoRepositoryTest]: class path resource [kom/task/domain/dailydo/todo/DaydoRepositoryTest-context.xml] does not exist
12:25:24.886 [Test worker] DEBUG org.springframework.test.context.support.AbstractContextLoader - Did not detect default resource location for test class [kom.task.domain.dailydo.todo.DaydoRepositoryTest]: class path resource [kom/task/domain/dailydo/todo/DaydoRepositoryTestContext.groovy] does not exist
12:25:24.886 [Test worker] INFO org.springframework.test.context.support.AbstractContextLoader - Could not detect default resource locations for test class [kom.task.domain.dailydo.todo.DaydoRepositoryTest]: no resource found for suffixes {-context.xml, Context.groovy}.
12:25:24.887 [Test worker] INFO org.springframework.test.context.support.AnnotationConfigContextLoaderUtils - Could not detect default configuration classes for test class [kom.task.domain.dailydo.todo.DaydoRepositoryTest]: DaydoRepositoryTest does not declare any static, non-private, non-final, nested classes annotated with @Configuration.
12:25:24.917 [Test worker] DEBUG org.springframework.test.context.support.ActiveProfilesUtils - Could not find an 'annotation declaring class' for annotation type [org.springframework.test.context.ActiveProfiles] and class [kom.task.domain.dailydo.todo.DaydoRepositoryTest]
12:25:24.976 [Test worker] DEBUG org.springframework.context.annotation.ClassPathScanningCandidateComponentProvider - Identified candidate component class: file [C:\Users\Komputer\Desktop\Komputer\Projects\TASK\server\build\classes\java\main\kom\task\Application.class]
12:25:24.977 [Test worker] INFO org.springframework.boot.test.context.SpringBootTestContextBootstrapper - Found @SpringBootConfiguration kom.task.Application for test class kom.task.domain.dailydo.todo.DaydoRepositoryTest
12:25:25.050 [Test worker] DEBUG org.springframework.boot.test.context.SpringBootTestContextBootstrapper - @TestExecutionListeners is not present for class [kom.task.domain.dailydo.todo.DaydoRepositoryTest]: using defaults.
12:25:25.050 [Test worker] INFO org.springframework.boot.test.context.SpringBootTestContextBootstrapper - Loaded default TestExecutionListener class names from location [META-INF/spring.factories]: [org.springframework.boot.test.autoconfigure.restdocs.RestDocsTestExecutionListener, org.springframework.boot.test.autoconfigure.web.client.MockRestServiceServerResetTestExecutionListener, org.springframework.boot.test.autoconfigure.web.servlet.MockMvcPrintOnlyOnFailureTestExecutionListener, org.springframework.boot.test.autoconfigure.web.servlet.WebDriverTestExecutionListener, org.springframework.boot.test.mock.mockito.MockitoTestExecutionListener, org.springframework.boot.test.mock.mockito.ResetMocksTestExecutionListener, org.springframework.test.context.web.ServletTestExecutionListener, org.springframework.test.context.support.DirtiesContextBeforeModesTestExecutionListener, org.springframework.test.context.support.DependencyInjectionTestExecutionListener, org.springframework.test.context.support.DirtiesContextTestExecutionListener, org.springframework.test.context.transaction.TransactionalTestExecutionListener, org.springframework.test.context.jdbc.SqlScriptsTestExecutionListener]
12:25:25.064 [Test worker] INFO org.springframework.boot.test.context.SpringBootTestContextBootstrapper - Using TestExecutionListeners: [org.springframework.test.context.web.ServletTestExecutionListener@40f7fd19, org.springframework.test.context.support.DirtiesContextBeforeModesTestExecutionListener@3e493a58, org.springframework.boot.test.mock.mockito.MockitoTestExecutionListener@239f9b6c, org.springframework.boot.test.autoconfigure.SpringBootDependencyInjectionTestExecutionListener@74d5029, org.springframework.test.context.support.DirtiesContextTestExecutionListener@782d7aec, org.springframework.test.context.transaction.TransactionalTestExecutionListener@f41144b, org.springframework.test.context.jdbc.SqlScriptsTestExecutionListener@505aba34, org.springframework.boot.test.autoconfigure.restdocs.RestDocsTestExecutionListener@3dfb740e, org.springframework.boot.test.autoconfigure.web.client.MockRestServiceServerResetTestExecutionListener@2e128347, org.springframework.boot.test.autoconfigure.web.servlet.MockMvcPrintOnlyOnFailureTestExecutionListener@29763982, org.springframework.boot.test.autoconfigure.web.servlet.WebDriverTestExecutionListener@2cf8ad82, org.springframework.boot.test.mock.mockito.ResetMocksTestExecutionListener@4ac5f717]
12:25:25.065 [Test worker] DEBUG org.springframework.test.annotation.ProfileValueUtils - Retrieved @ProfileValueSourceConfiguration [null] for test class [kom.task.domain.dailydo.todo.DaydoRepositoryTest]
12:25:25.065 [Test worker] DEBUG org.springframework.test.annotation.ProfileValueUtils - Retrieved ProfileValueSource type [class org.springframework.test.annotation.SystemProfileValueSource] for class [kom.task.domain.dailydo.todo.DaydoRepositoryTest]
12:25:25.066 [Test worker] DEBUG org.springframework.test.annotation.ProfileValueUtils - Retrieved @ProfileValueSourceConfiguration [null] for test class [kom.task.domain.dailydo.todo.DaydoRepositoryTest]
12:25:25.066 [Test worker] DEBUG org.springframework.test.annotation.ProfileValueUtils - Retrieved ProfileValueSource type [class org.springframework.test.annotation.SystemProfileValueSource] for class [kom.task.domain.dailydo.todo.DaydoRepositoryTest]
12:25:25.067 [Test worker] DEBUG org.springframework.test.annotation.ProfileValueUtils - Retrieved @ProfileValueSourceConfiguration [null] for test class [kom.task.domain.dailydo.todo.DaydoRepositoryTest]
12:25:25.068 [Test worker] DEBUG org.springframework.test.annotation.ProfileValueUtils - Retrieved ProfileValueSource type [class org.springframework.test.annotation.SystemProfileValueSource] for class [kom.task.domain.dailydo.todo.DaydoRepositoryTest]
12:25:25.070 [Test worker] DEBUG org.springframework.test.annotation.ProfileValueUtils - Retrieved @ProfileValueSourceConfiguration [null] for test class [kom.task.domain.dailydo.todo.DaydoRepositoryTest]
12:25:25.070 [Test worker] DEBUG org.springframework.test.annotation.ProfileValueUtils - Retrieved ProfileValueSource type [class org.springframework.test.annotation.SystemProfileValueSource] for class [kom.task.domain.dailydo.todo.DaydoRepositoryTest]
12:25:25.070 [Test worker] DEBUG org.springframework.test.annotation.ProfileValueUtils - Retrieved @ProfileValueSourceConfiguration [null] for test class [kom.task.domain.dailydo.todo.DaydoRepositoryTest]
12:25:25.070 [Test worker] DEBUG org.springframework.test.annotation.ProfileValueUtils - Retrieved ProfileValueSource type [class org.springframework.test.annotation.SystemProfileValueSource] for class [kom.task.domain.dailydo.todo.DaydoRepositoryTest]
12:25:25.075 [Test worker] DEBUG org.springframework.test.context.support.AbstractDirtiesContextTestExecutionListener - Before test class: context [DefaultTestContext@2bff4c24 testClass = DaydoRepositoryTest, testInstance = [null], testMethod = [null], testException = [null], mergedContextConfiguration = [WebMergedContextConfiguration@67c6dbdb testClass = DaydoRepositoryTest, locations = '{}', classes = '{class kom.task.Application}', contextInitializerClasses = '[]', activeProfiles = '{}', propertySourceLocations = '{}', propertySourceProperties = '{org.springframework.boot.test.context.SpringBootTestContextBootstrapper=true}', contextCustomizers = set[org.springframework.boot.test.autoconfigure.properties.PropertyMappingContextCustomizer@0, org.springframework.boot.test.autoconfigure.web.servlet.WebDriverContextCustomizerFactory$Customizer@480a878, org.springframework.boot.test.context.filter.ExcludeFilterContextCustomizer@36163a9f, org.springframework.boot.test.json.DuplicateJsonObjectContextCustomizerFactory$DuplicateJsonObjectContextCustomizer@32a0a486, org.springframework.boot.test.mock.mockito.MockitoContextCustomizer@0, org.springframework.boot.test.web.client.TestRestTemplateContextCustomizer@68da8353], resourceBasePath = 'src/main/webapp', contextLoader = 'org.springframework.boot.test.context.SpringBootContextLoader', parent = [null]], attributes = map['org.springframework.test.context.web.ServletTestExecutionListener.activateListener' -> true]], class annotated with @DirtiesContext [false] with mode [null].
12:25:25.075 [Test worker] DEBUG org.springframework.test.annotation.ProfileValueUtils - Retrieved @ProfileValueSourceConfiguration [null] for test class [kom.task.domain.dailydo.todo.DaydoRepositoryTest]
12:25:25.075 [Test worker] DEBUG org.springframework.test.annotation.ProfileValueUtils - Retrieved ProfileValueSource type [class org.springframework.test.annotation.SystemProfileValueSource] for class [kom.task.domain.dailydo.todo.DaydoRepositoryTest]
12:25:25.091 [Test worker] DEBUG org.springframework.test.context.support.TestPropertySourceUtils - Adding inlined properties to environment: {spring.jmx.enabled=false, org.springframework.boot.test.context.SpringBootTestContextBootstrapper=true, server.port=-1}

  .   ____          _            __ _ _
 /\\ / ___'_ __ _ _(_)_ __  __ _ \ \ \ \
( ( )\___ | '_ | '_| | '_ \/ _` | \ \ \ \
 \\/  ___)| |_)| | | | | || (_| |  ) ) ) )
  '  |____| .__|_| |_|_| |_\__, | / / / /
 =========|_|==============|___/=/_/_/_/
 :: Spring Boot ::        (v2.1.7.RELEASE)

2021-05-09 12:25:25.254  INFO 7188 --- [    Test worker] k.t.d.dailydo.todo.DaydoRepositoryTest   : Starting DaydoRepositoryTest on Komputers with PID 7188 (started by Komputer in C:\Users\Komputer\Desktop\Komputer\Projects\TASK\server)
2021-05-09 12:25:25.255  INFO 7188 --- [    Test worker] k.t.d.dailydo.todo.DaydoRepositoryTest   : No active profile set, falling back to default profiles: default
2021-05-09 12:25:25.717  INFO 7188 --- [    Test worker] .s.d.r.c.RepositoryConfigurationDelegate : Bootstrapping Spring Data repositories in DEFAULT mode.
2021-05-09 12:25:25.790  INFO 7188 --- [    Test worker] .s.d.r.c.RepositoryConfigurationDelegate : Finished Spring Data repository scanning in 60ms. Found 2 repository interfaces.
2021-05-09 12:25:26.062  INFO 7188 --- [    Test worker] trationDelegate$BeanPostProcessorChecker : Bean 'org.springframework.transaction.annotation.ProxyTransactionManagementConfiguration' of type [org.springframework.transaction.annotation.ProxyTransactionManagementConfiguration$$EnhancerBySpringCGLIB$$cd90880f] is not eligible for getting processed by all BeanPostProcessors (for example: not eligible for auto-proxying)
2021-05-09 12:25:26.199  INFO 7188 --- [    Test worker] com.zaxxer.hikari.HikariDataSource       : HikariPool-1 - Starting...
2021-05-09 12:25:26.351  INFO 7188 --- [    Test worker] com.zaxxer.hikari.HikariDataSource       : HikariPool-1 - Start completed.
2021-05-09 12:25:26.414  INFO 7188 --- [    Test worker] o.hibernate.jpa.internal.util.LogHelper  : HHH000204: Processing PersistenceUnitInfo [
	name: default
	...]
2021-05-09 12:25:26.470  INFO 7188 --- [    Test worker] org.hibernate.Version                    : HHH000412: Hibernate Core {5.3.10.Final}
2021-05-09 12:25:26.471  INFO 7188 --- [    Test worker] org.hibernate.cfg.Environment            : HHH000206: hibernate.properties not found
2021-05-09 12:25:26.593  INFO 7188 --- [    Test worker] o.hibernate.annotations.common.Version   : HCANN000001: Hibernate Commons Annotations {5.0.4.Final}
2021-05-09 12:25:26.711  INFO 7188 --- [    Test worker] org.hibernate.dialect.Dialect            : HHH000400: Using dialect: org.hibernate.dialect.H2Dialect
2021-05-09 12:25:27.216  INFO 7188 --- [    Test worker] o.h.t.schema.internal.SchemaCreatorImpl  : HHH000476: Executing import script 'org.hibernate.tool.schema.internal.exec.ScriptSourceInputNonExistentImpl@1c995f10'
2021-05-09 12:25:27.218  INFO 7188 --- [    Test worker] j.LocalContainerEntityManagerFactoryBean : Initialized JPA EntityManagerFactory for persistence unit 'default'
2021-05-09 12:25:27.951  INFO 7188 --- [    Test worker] o.s.s.concurrent.ThreadPoolTaskExecutor  : Initializing ExecutorService 'applicationTaskExecutor'
2021-05-09 12:25:27.995  WARN 7188 --- [    Test worker] aWebConfiguration$JpaWebMvcConfiguration : spring.jpa.open-in-view is enabled by default. Therefore, database queries may be performed during view rendering. Explicitly configure spring.jpa.open-in-view to disable this warning
2021-05-09 12:25:28.247  INFO 7188 --- [    Test worker] k.t.d.dailydo.todo.DaydoRepositoryTest   : Started DaydoRepositoryTest in 3.149 seconds (JVM running for 3.933)
2021-05-09 12:25:28.473  INFO 7188 --- [    Test worker] o.h.h.i.QueryTranslatorFactoryInitiator  : HHH000397: Using ASTQueryTranslatorFactory
]]></system-out>
  <system-err><![CDATA[]]></system-err>
</testsuite>
