<?xml version="1.0" encoding="UTF-8"?>
<testsuite name="kom.task.domain.pomdoro.PomodoroRepositoryTest" tests="1" skipped="0" failures="0" errors="0" timestamp="2021-05-22T14:12:32" hostname="Komputers" time="0.013">
  <properties/>
  <testcase name="pomodoro_repository_save_test" classname="kom.task.domain.pomdoro.PomodoroRepositoryTest" time="0.013"/>
  <system-out><![CDATA[2021-05-22 23:12:32.547  INFO 2384 --- [    Test worker] .b.t.c.SpringBootTestContextBootstrapper : Neither @ContextConfiguration nor @ContextHierarchy found for test class [kom.task.domain.pomdoro.PomodoroRepositoryTest], using SpringBootContextLoader
2021-05-22 23:12:32.548  INFO 2384 --- [    Test worker] o.s.t.c.support.AbstractContextLoader    : Could not detect default resource locations for test class [kom.task.domain.pomdoro.PomodoroRepositoryTest]: no resource found for suffixes {-context.xml, Context.groovy}.
2021-05-22 23:12:32.548  INFO 2384 --- [    Test worker] t.c.s.AnnotationConfigContextLoaderUtils : Could not detect default configuration classes for test class [kom.task.domain.pomdoro.PomodoroRepositoryTest]: PomodoroRepositoryTest does not declare any static, non-private, non-final, nested classes annotated with @Configuration.
2021-05-22 23:12:32.554  INFO 2384 --- [    Test worker] .b.t.c.SpringBootTestContextBootstrapper : Found @SpringBootConfiguration kom.task.Application for test class kom.task.domain.pomdoro.PomodoroRepositoryTest
2021-05-22 23:12:32.555  INFO 2384 --- [    Test worker] .b.t.c.SpringBootTestContextBootstrapper : Loaded default TestExecutionListener class names from location [META-INF/spring.factories]: [org.springframework.boot.test.autoconfigure.restdocs.RestDocsTestExecutionListener, org.springframework.boot.test.autoconfigure.web.client.MockRestServiceServerResetTestExecutionListener, org.springframework.boot.test.autoconfigure.web.servlet.MockMvcPrintOnlyOnFailureTestExecutionListener, org.springframework.boot.test.autoconfigure.web.servlet.WebDriverTestExecutionListener, org.springframework.boot.test.mock.mockito.MockitoTestExecutionListener, org.springframework.boot.test.mock.mockito.ResetMocksTestExecutionListener, org.springframework.test.context.web.ServletTestExecutionListener, org.springframework.test.context.support.DirtiesContextBeforeModesTestExecutionListener, org.springframework.test.context.support.DependencyInjectionTestExecutionListener, org.springframework.test.context.support.DirtiesContextTestExecutionListener, org.springframework.test.context.transaction.TransactionalTestExecutionListener, org.springframework.test.context.jdbc.SqlScriptsTestExecutionListener]
2021-05-22 23:12:32.556  INFO 2384 --- [    Test worker] .b.t.c.SpringBootTestContextBootstrapper : Using TestExecutionListeners: [org.springframework.test.context.web.ServletTestExecutionListener@38b67cdf, org.springframework.test.context.support.DirtiesContextBeforeModesTestExecutionListener@1bd7bf4f, org.springframework.boot.test.mock.mockito.MockitoTestExecutionListener@4a1b1c22, org.springframework.boot.test.autoconfigure.SpringBootDependencyInjectionTestExecutionListener@fdb412f, org.springframework.test.context.support.DirtiesContextTestExecutionListener@480948f, org.springframework.test.context.transaction.TransactionalTestExecutionListener@220b7e97, org.springframework.test.context.jdbc.SqlScriptsTestExecutionListener@30639cf8, org.springframework.boot.test.autoconfigure.restdocs.RestDocsTestExecutionListener@656471e2, org.springframework.boot.test.autoconfigure.web.client.MockRestServiceServerResetTestExecutionListener@6540a52d, org.springframework.boot.test.autoconfigure.web.servlet.MockMvcPrintOnlyOnFailureTestExecutionListener@1c4680d4, org.springframework.boot.test.autoconfigure.web.servlet.WebDriverTestExecutionListener@30ee5bf8, org.springframework.boot.test.mock.mockito.ResetMocksTestExecutionListener@76c3d766]
Hibernate: select pomodoro0_.user_id as user_id1_1_0_, pomodoro0_.pomo as pomo2_1_0_, pomodoro0_.timer_set as timer_se3_1_0_ from pomodoro pomodoro0_ where pomodoro0_.user_id=?
Hibernate: insert into pomodoro (pomo, timer_set, user_id) values (?, ?, ?)
Hibernate: select pomodoro0_.user_id as user_id1_1_, pomodoro0_.pomo as pomo2_1_, pomodoro0_.timer_set as timer_se3_1_ from pomodoro pomodoro0_
Hibernate: select pomodoro0_.user_id as user_id1_1_, pomodoro0_.pomo as pomo2_1_, pomodoro0_.timer_set as timer_se3_1_ from pomodoro pomodoro0_
Hibernate: delete from pomodoro where user_id=?
]]></system-out>
  <system-err><![CDATA[]]></system-err>
</testsuite>
