<?xml version="1.0" encoding="UTF-8"?>
<testsuite name="kom.task.domain.user.UserRepositoryTest" tests="1" skipped="0" failures="0" errors="0" timestamp="2021-05-22T11:56:41" hostname="Komputers" time="0.012">
  <properties/>
  <testcase name="user_repository_save_test" classname="kom.task.domain.user.UserRepositoryTest" time="0.012"/>
  <system-out><![CDATA[2021-05-22 20:56:41.863  INFO 7432 --- [    Test worker] .b.t.c.SpringBootTestContextBootstrapper : Neither @ContextConfiguration nor @ContextHierarchy found for test class [kom.task.domain.user.UserRepositoryTest], using SpringBootContextLoader
2021-05-22 20:56:41.864  INFO 7432 --- [    Test worker] o.s.t.c.support.AbstractContextLoader    : Could not detect default resource locations for test class [kom.task.domain.user.UserRepositoryTest]: no resource found for suffixes {-context.xml, Context.groovy}.
2021-05-22 20:56:41.864  INFO 7432 --- [    Test worker] t.c.s.AnnotationConfigContextLoaderUtils : Could not detect default configuration classes for test class [kom.task.domain.user.UserRepositoryTest]: UserRepositoryTest does not declare any static, non-private, non-final, nested classes annotated with @Configuration.
2021-05-22 20:56:41.872  INFO 7432 --- [    Test worker] .b.t.c.SpringBootTestContextBootstrapper : Found @SpringBootConfiguration kom.task.Application for test class kom.task.domain.user.UserRepositoryTest
2021-05-22 20:56:41.874  INFO 7432 --- [    Test worker] .b.t.c.SpringBootTestContextBootstrapper : Loaded default TestExecutionListener class names from location [META-INF/spring.factories]: [org.springframework.boot.test.autoconfigure.restdocs.RestDocsTestExecutionListener, org.springframework.boot.test.autoconfigure.web.client.MockRestServiceServerResetTestExecutionListener, org.springframework.boot.test.autoconfigure.web.servlet.MockMvcPrintOnlyOnFailureTestExecutionListener, org.springframework.boot.test.autoconfigure.web.servlet.WebDriverTestExecutionListener, org.springframework.boot.test.mock.mockito.MockitoTestExecutionListener, org.springframework.boot.test.mock.mockito.ResetMocksTestExecutionListener, org.springframework.test.context.web.ServletTestExecutionListener, org.springframework.test.context.support.DirtiesContextBeforeModesTestExecutionListener, org.springframework.test.context.support.DependencyInjectionTestExecutionListener, org.springframework.test.context.support.DirtiesContextTestExecutionListener, org.springframework.test.context.transaction.TransactionalTestExecutionListener, org.springframework.test.context.jdbc.SqlScriptsTestExecutionListener]
2021-05-22 20:56:41.875  INFO 7432 --- [    Test worker] .b.t.c.SpringBootTestContextBootstrapper : Using TestExecutionListeners: [org.springframework.test.context.web.ServletTestExecutionListener@7169b521, org.springframework.test.context.support.DirtiesContextBeforeModesTestExecutionListener@65c869cd, org.springframework.boot.test.mock.mockito.MockitoTestExecutionListener@6f3eaebd, org.springframework.boot.test.autoconfigure.SpringBootDependencyInjectionTestExecutionListener@6a365995, org.springframework.test.context.support.DirtiesContextTestExecutionListener@564a294f, org.springframework.test.context.transaction.TransactionalTestExecutionListener@706ab44a, org.springframework.test.context.jdbc.SqlScriptsTestExecutionListener@6abbb7bc, org.springframework.boot.test.autoconfigure.restdocs.RestDocsTestExecutionListener@3299a18f, org.springframework.boot.test.autoconfigure.web.client.MockRestServiceServerResetTestExecutionListener@351ef6c2, org.springframework.boot.test.autoconfigure.web.servlet.MockMvcPrintOnlyOnFailureTestExecutionListener@10f3cccf, org.springframework.boot.test.autoconfigure.web.servlet.WebDriverTestExecutionListener@27c28f3a, org.springframework.boot.test.mock.mockito.ResetMocksTestExecutionListener@58a8d794]
Hibernate: select user0_.user_id as user_id1_3_0_, user0_.email as email2_3_0_, user0_.name as name3_3_0_, user0_.picture_url as picture_4_3_0_ from user user0_ where user0_.user_id=?
Hibernate: insert into user (email, name, picture_url, user_id) values (?, ?, ?, ?)
Hibernate: select user0_.user_id as user_id1_3_, user0_.email as email2_3_, user0_.name as name3_3_, user0_.picture_url as picture_4_3_ from user user0_
Hibernate: select user0_.user_id as user_id1_3_, user0_.email as email2_3_, user0_.name as name3_3_, user0_.picture_url as picture_4_3_ from user user0_
Hibernate: delete from user where user_id=?
]]></system-out>
  <system-err><![CDATA[]]></system-err>
</testsuite>
