<?xml version="1.0" encoding="UTF-8"?>
<testsuite name="kom.task.domain.dailydo.todo.TodoRepositoryTest" tests="1" skipped="0" failures="0" errors="0" timestamp="2021-05-24T08:59:42" hostname="Komputers" time="0.016">
  <properties/>
  <testcase name="todo_repository_save_test" classname="kom.task.domain.dailydo.todo.TodoRepositoryTest" time="0.016"/>
  <system-out><![CDATA[2021-05-24 17:59:42.307  INFO 13708 --- [    Test worker] .b.t.c.SpringBootTestContextBootstrapper : Neither @ContextConfiguration nor @ContextHierarchy found for test class [kom.task.domain.dailydo.todo.TodoRepositoryTest], using SpringBootContextLoader
2021-05-24 17:59:42.308  INFO 13708 --- [    Test worker] o.s.t.c.support.AbstractContextLoader    : Could not detect default resource locations for test class [kom.task.domain.dailydo.todo.TodoRepositoryTest]: no resource found for suffixes {-context.xml, Context.groovy}.
2021-05-24 17:59:42.308  INFO 13708 --- [    Test worker] t.c.s.AnnotationConfigContextLoaderUtils : Could not detect default configuration classes for test class [kom.task.domain.dailydo.todo.TodoRepositoryTest]: TodoRepositoryTest does not declare any static, non-private, non-final, nested classes annotated with @Configuration.
2021-05-24 17:59:42.310  INFO 13708 --- [    Test worker] .b.t.c.SpringBootTestContextBootstrapper : Found @SpringBootConfiguration kom.task.Application for test class kom.task.domain.dailydo.todo.TodoRepositoryTest
2021-05-24 17:59:42.312  INFO 13708 --- [    Test worker] .b.t.c.SpringBootTestContextBootstrapper : Loaded default TestExecutionListener class names from location [META-INF/spring.factories]: [org.springframework.boot.test.autoconfigure.restdocs.RestDocsTestExecutionListener, org.springframework.boot.test.autoconfigure.web.client.MockRestServiceServerResetTestExecutionListener, org.springframework.boot.test.autoconfigure.web.servlet.MockMvcPrintOnlyOnFailureTestExecutionListener, org.springframework.boot.test.autoconfigure.web.servlet.WebDriverTestExecutionListener, org.springframework.boot.test.mock.mockito.MockitoTestExecutionListener, org.springframework.boot.test.mock.mockito.ResetMocksTestExecutionListener, org.springframework.test.context.web.ServletTestExecutionListener, org.springframework.test.context.support.DirtiesContextBeforeModesTestExecutionListener, org.springframework.test.context.support.DependencyInjectionTestExecutionListener, org.springframework.test.context.support.DirtiesContextTestExecutionListener, org.springframework.test.context.transaction.TransactionalTestExecutionListener, org.springframework.test.context.jdbc.SqlScriptsTestExecutionListener]
2021-05-24 17:59:42.312  INFO 13708 --- [    Test worker] .b.t.c.SpringBootTestContextBootstrapper : Using TestExecutionListeners: [org.springframework.test.context.web.ServletTestExecutionListener@4877ac34, org.springframework.test.context.support.DirtiesContextBeforeModesTestExecutionListener@70dce509, org.springframework.boot.test.mock.mockito.MockitoTestExecutionListener@640d09f3, org.springframework.boot.test.autoconfigure.SpringBootDependencyInjectionTestExecutionListener@3808f670, org.springframework.test.context.support.DirtiesContextTestExecutionListener@4debfb49, org.springframework.test.context.transaction.TransactionalTestExecutionListener@5a08ab50, org.springframework.test.context.jdbc.SqlScriptsTestExecutionListener@56467373, org.springframework.boot.test.autoconfigure.restdocs.RestDocsTestExecutionListener@2902b4bd, org.springframework.boot.test.autoconfigure.web.client.MockRestServiceServerResetTestExecutionListener@3b212367, org.springframework.boot.test.autoconfigure.web.servlet.MockMvcPrintOnlyOnFailureTestExecutionListener@246c4d78, org.springframework.boot.test.autoconfigure.web.servlet.WebDriverTestExecutionListener@41d46f6d, org.springframework.boot.test.mock.mockito.ResetMocksTestExecutionListener@7dcf8cb6]
]]></system-out>
  <system-err><![CDATA[]]></system-err>
</testsuite>
