<?xml version="1.0" encoding="UTF-8"?>
<testsuite name="kom.task.domain.todo.TodoRepositoryTest" tests="1" skipped="0" failures="0" errors="0" timestamp="2021-04-28T07:57:33" hostname="Komputers" time="0.01">
  <properties/>
  <testcase name="todo_repository_save_test" classname="kom.task.domain.todo.TodoRepositoryTest" time="0.01"/>
  <system-out><![CDATA[2021-04-28 16:57:33.594  INFO 7288 --- [    Test worker] .b.t.c.SpringBootTestContextBootstrapper : Neither @ContextConfiguration nor @ContextHierarchy found for test class [kom.task.domain.todo.TodoRepositoryTest], using SpringBootContextLoader
2021-04-28 16:57:33.595  INFO 7288 --- [    Test worker] o.s.t.c.support.AbstractContextLoader    : Could not detect default resource locations for test class [kom.task.domain.todo.TodoRepositoryTest]: no resource found for suffixes {-context.xml, Context.groovy}.
2021-04-28 16:57:33.595  INFO 7288 --- [    Test worker] t.c.s.AnnotationConfigContextLoaderUtils : Could not detect default configuration classes for test class [kom.task.domain.todo.TodoRepositoryTest]: TodoRepositoryTest does not declare any static, non-private, non-final, nested classes annotated with @Configuration.
2021-04-28 16:57:33.597  INFO 7288 --- [    Test worker] .b.t.c.SpringBootTestContextBootstrapper : Found @SpringBootConfiguration kom.task.Application for test class kom.task.domain.todo.TodoRepositoryTest
2021-04-28 16:57:33.598  INFO 7288 --- [    Test worker] .b.t.c.SpringBootTestContextBootstrapper : Loaded default TestExecutionListener class names from location [META-INF/spring.factories]: [org.springframework.boot.test.autoconfigure.restdocs.RestDocsTestExecutionListener, org.springframework.boot.test.autoconfigure.web.client.MockRestServiceServerResetTestExecutionListener, org.springframework.boot.test.autoconfigure.web.servlet.MockMvcPrintOnlyOnFailureTestExecutionListener, org.springframework.boot.test.autoconfigure.web.servlet.WebDriverTestExecutionListener, org.springframework.boot.test.mock.mockito.MockitoTestExecutionListener, org.springframework.boot.test.mock.mockito.ResetMocksTestExecutionListener, org.springframework.test.context.web.ServletTestExecutionListener, org.springframework.test.context.support.DirtiesContextBeforeModesTestExecutionListener, org.springframework.test.context.support.DependencyInjectionTestExecutionListener, org.springframework.test.context.support.DirtiesContextTestExecutionListener, org.springframework.test.context.transaction.TransactionalTestExecutionListener, org.springframework.test.context.jdbc.SqlScriptsTestExecutionListener]
2021-04-28 16:57:33.599  INFO 7288 --- [    Test worker] .b.t.c.SpringBootTestContextBootstrapper : Using TestExecutionListeners: [org.springframework.test.context.web.ServletTestExecutionListener@179771f8, org.springframework.test.context.support.DirtiesContextBeforeModesTestExecutionListener@7181e31b, org.springframework.boot.test.mock.mockito.MockitoTestExecutionListener@a7af723, org.springframework.boot.test.autoconfigure.SpringBootDependencyInjectionTestExecutionListener@7cbfee9d, org.springframework.test.context.support.DirtiesContextTestExecutionListener@508b4843, org.springframework.test.context.transaction.TransactionalTestExecutionListener@2e6ce072, org.springframework.test.context.jdbc.SqlScriptsTestExecutionListener@73f2c973, org.springframework.boot.test.autoconfigure.restdocs.RestDocsTestExecutionListener@70ba0a96, org.springframework.boot.test.autoconfigure.web.client.MockRestServiceServerResetTestExecutionListener@7a798d92, org.springframework.boot.test.autoconfigure.web.servlet.MockMvcPrintOnlyOnFailureTestExecutionListener@335f8ddf, org.springframework.boot.test.autoconfigure.web.servlet.WebDriverTestExecutionListener@56037396, org.springframework.boot.test.mock.mockito.ResetMocksTestExecutionListener@76cd2d7a]
]]></system-out>
  <system-err><![CDATA[]]></system-err>
</testsuite>
