<?xml version="1.0" encoding="UTF-8"?>
<testsuite name="kom.task.domain.dailydo.todo.TodoRepositoryTest" tests="1" skipped="0" failures="0" errors="0" timestamp="2021-05-22T11:19:16" hostname="Komputers" time="0.017">
  <properties/>
  <testcase name="todo_repository_save_test" classname="kom.task.domain.dailydo.todo.TodoRepositoryTest" time="0.017"/>
  <system-out><![CDATA[2021-05-22 20:19:16.319  INFO 9932 --- [    Test worker] .b.t.c.SpringBootTestContextBootstrapper : Neither @ContextConfiguration nor @ContextHierarchy found for test class [kom.task.domain.dailydo.todo.TodoRepositoryTest], using SpringBootContextLoader
2021-05-22 20:19:16.321  INFO 9932 --- [    Test worker] o.s.t.c.support.AbstractContextLoader    : Could not detect default resource locations for test class [kom.task.domain.dailydo.todo.TodoRepositoryTest]: no resource found for suffixes {-context.xml, Context.groovy}.
2021-05-22 20:19:16.322  INFO 9932 --- [    Test worker] t.c.s.AnnotationConfigContextLoaderUtils : Could not detect default configuration classes for test class [kom.task.domain.dailydo.todo.TodoRepositoryTest]: TodoRepositoryTest does not declare any static, non-private, non-final, nested classes annotated with @Configuration.
2021-05-22 20:19:16.325  INFO 9932 --- [    Test worker] .b.t.c.SpringBootTestContextBootstrapper : Found @SpringBootConfiguration kom.task.Application for test class kom.task.domain.dailydo.todo.TodoRepositoryTest
2021-05-22 20:19:16.326  INFO 9932 --- [    Test worker] .b.t.c.SpringBootTestContextBootstrapper : Loaded default TestExecutionListener class names from location [META-INF/spring.factories]: [org.springframework.boot.test.autoconfigure.restdocs.RestDocsTestExecutionListener, org.springframework.boot.test.autoconfigure.web.client.MockRestServiceServerResetTestExecutionListener, org.springframework.boot.test.autoconfigure.web.servlet.MockMvcPrintOnlyOnFailureTestExecutionListener, org.springframework.boot.test.autoconfigure.web.servlet.WebDriverTestExecutionListener, org.springframework.boot.test.mock.mockito.MockitoTestExecutionListener, org.springframework.boot.test.mock.mockito.ResetMocksTestExecutionListener, org.springframework.test.context.web.ServletTestExecutionListener, org.springframework.test.context.support.DirtiesContextBeforeModesTestExecutionListener, org.springframework.test.context.support.DependencyInjectionTestExecutionListener, org.springframework.test.context.support.DirtiesContextTestExecutionListener, org.springframework.test.context.transaction.TransactionalTestExecutionListener, org.springframework.test.context.jdbc.SqlScriptsTestExecutionListener]
2021-05-22 20:19:16.327  INFO 9932 --- [    Test worker] .b.t.c.SpringBootTestContextBootstrapper : Using TestExecutionListeners: [org.springframework.test.context.web.ServletTestExecutionListener@41f872d, org.springframework.test.context.support.DirtiesContextBeforeModesTestExecutionListener@3a1ca1c5, org.springframework.boot.test.mock.mockito.MockitoTestExecutionListener@5298f0fb, org.springframework.boot.test.autoconfigure.SpringBootDependencyInjectionTestExecutionListener@6692baaa, org.springframework.test.context.support.DirtiesContextTestExecutionListener@1e4c6fba, org.springframework.test.context.transaction.TransactionalTestExecutionListener@4181f73f, org.springframework.test.context.jdbc.SqlScriptsTestExecutionListener@548bd8dc, org.springframework.boot.test.autoconfigure.restdocs.RestDocsTestExecutionListener@27bf6f0d, org.springframework.boot.test.autoconfigure.web.client.MockRestServiceServerResetTestExecutionListener@5af3f5ff, org.springframework.boot.test.autoconfigure.web.servlet.MockMvcPrintOnlyOnFailureTestExecutionListener@1405d991, org.springframework.boot.test.autoconfigure.web.servlet.WebDriverTestExecutionListener@1ec2aef5, org.springframework.boot.test.mock.mockito.ResetMocksTestExecutionListener@42597d27]
]]></system-out>
  <system-err><![CDATA[]]></system-err>
</testsuite>
