<?xml version="1.0" encoding="UTF-8"?>
<testsuite name="kom.task.domain.task.TaskRepositoryTest" tests="1" skipped="0" failures="0" errors="0" timestamp="2021-04-25T12:49:42" hostname="Komputers" time="0.362">
  <properties/>
  <testcase name="task_repository_save_test" classname="kom.task.domain.task.TaskRepositoryTest" time="0.362"/>
  <system-out><![CDATA[21:49:38.343 [Test worker] DEBUG org.springframework.test.context.junit4.SpringJUnit4ClassRunner - SpringJUnit4ClassRunner constructor called with [class kom.task.domain.task.TaskRepositoryTest]
21:49:38.349 [Test worker] DEBUG org.springframework.test.context.BootstrapUtils - Instantiating CacheAwareContextLoaderDelegate from class [org.springframework.test.context.cache.DefaultCacheAwareContextLoaderDelegate]
21:49:38.356 [Test worker] DEBUG org.springframework.test.context.BootstrapUtils - Instantiating BootstrapContext using constructor [public org.springframework.test.context.support.DefaultBootstrapContext(java.lang.Class,org.springframework.test.context.CacheAwareContextLoaderDelegate)]
21:49:38.370 [Test worker] DEBUG org.springframework.test.context.BootstrapUtils - Instantiating TestContextBootstrapper for test class [kom.task.domain.task.TaskRepositoryTest] from class [org.springframework.boot.test.context.SpringBootTestContextBootstrapper]
21:49:38.379 [Test worker] INFO org.springframework.boot.test.context.SpringBootTestContextBootstrapper - Neither @ContextConfiguration nor @ContextHierarchy found for test class [kom.task.domain.task.TaskRepositoryTest], using SpringBootContextLoader
21:49:38.382 [Test worker] DEBUG org.springframework.test.context.support.AbstractContextLoader - Did not detect default resource location for test class [kom.task.domain.task.TaskRepositoryTest]: class path resource [kom/task/domain/task/TaskRepositoryTest-context.xml] does not exist
21:49:38.382 [Test worker] DEBUG org.springframework.test.context.support.AbstractContextLoader - Did not detect default resource location for test class [kom.task.domain.task.TaskRepositoryTest]: class path resource [kom/task/domain/task/TaskRepositoryTestContext.groovy] does not exist
21:49:38.382 [Test worker] INFO org.springframework.test.context.support.AbstractContextLoader - Could not detect default resource locations for test class [kom.task.domain.task.TaskRepositoryTest]: no resource found for suffixes {-context.xml, Context.groovy}.
21:49:38.383 [Test worker] INFO org.springframework.test.context.support.AnnotationConfigContextLoaderUtils - Could not detect default configuration classes for test class [kom.task.domain.task.TaskRepositoryTest]: TaskRepositoryTest does not declare any static, non-private, non-final, nested classes annotated with @Configuration.
21:49:38.416 [Test worker] DEBUG org.springframework.test.context.support.ActiveProfilesUtils - Could not find an 'annotation declaring class' for annotation type [org.springframework.test.context.ActiveProfiles] and class [kom.task.domain.task.TaskRepositoryTest]
21:49:38.476 [Test worker] DEBUG org.springframework.context.annotation.ClassPathScanningCandidateComponentProvider - Identified candidate component class: file [C:\Users\Komputer\Desktop\Komputer\Projects\TASK\server\build\classes\java\main\kom\task\Application.class]
21:49:38.477 [Test worker] INFO org.springframework.boot.test.context.SpringBootTestContextBootstrapper - Found @SpringBootConfiguration kom.task.Application for test class kom.task.domain.task.TaskRepositoryTest
21:49:38.558 [Test worker] DEBUG org.springframework.boot.test.context.SpringBootTestContextBootstrapper - @TestExecutionListeners is not present for class [kom.task.domain.task.TaskRepositoryTest]: using defaults.
21:49:38.558 [Test worker] INFO org.springframework.boot.test.context.SpringBootTestContextBootstrapper - Loaded default TestExecutionListener class names from location [META-INF/spring.factories]: [org.springframework.boot.test.autoconfigure.restdocs.RestDocsTestExecutionListener, org.springframework.boot.test.autoconfigure.web.client.MockRestServiceServerResetTestExecutionListener, org.springframework.boot.test.autoconfigure.web.servlet.MockMvcPrintOnlyOnFailureTestExecutionListener, org.springframework.boot.test.autoconfigure.web.servlet.WebDriverTestExecutionListener, org.springframework.boot.test.mock.mockito.MockitoTestExecutionListener, org.springframework.boot.test.mock.mockito.ResetMocksTestExecutionListener, org.springframework.test.context.web.ServletTestExecutionListener, org.springframework.test.context.support.DirtiesContextBeforeModesTestExecutionListener, org.springframework.test.context.support.DependencyInjectionTestExecutionListener, org.springframework.test.context.support.DirtiesContextTestExecutionListener, org.springframework.test.context.transaction.TransactionalTestExecutionListener, org.springframework.test.context.jdbc.SqlScriptsTestExecutionListener]
21:49:38.574 [Test worker] INFO org.springframework.boot.test.context.SpringBootTestContextBootstrapper - Using TestExecutionListeners: [org.springframework.test.context.web.ServletTestExecutionListener@5efb9306, org.springframework.test.context.support.DirtiesContextBeforeModesTestExecutionListener@58e09be7, org.springframework.boot.test.mock.mockito.MockitoTestExecutionListener@7624c4dc, org.springframework.boot.test.autoconfigure.SpringBootDependencyInjectionTestExecutionListener@4602ad67, org.springframework.test.context.support.DirtiesContextTestExecutionListener@44637502, org.springframework.test.context.transaction.TransactionalTestExecutionListener@1800f1ca, org.springframework.test.context.jdbc.SqlScriptsTestExecutionListener@4852c432, org.springframework.boot.test.autoconfigure.restdocs.RestDocsTestExecutionListener@1be821ca, org.springframework.boot.test.autoconfigure.web.client.MockRestServiceServerResetTestExecutionListener@44fc8cd0, org.springframework.boot.test.autoconfigure.web.servlet.MockMvcPrintOnlyOnFailureTestExecutionListener@5bedbb24, org.springframework.boot.test.autoconfigure.web.servlet.WebDriverTestExecutionListener@5c0973f, org.springframework.boot.test.mock.mockito.ResetMocksTestExecutionListener@5f7c003c]
21:49:38.576 [Test worker] DEBUG org.springframework.test.annotation.ProfileValueUtils - Retrieved @ProfileValueSourceConfiguration [null] for test class [kom.task.domain.task.TaskRepositoryTest]
21:49:38.576 [Test worker] DEBUG org.springframework.test.annotation.ProfileValueUtils - Retrieved ProfileValueSource type [class org.springframework.test.annotation.SystemProfileValueSource] for class [kom.task.domain.task.TaskRepositoryTest]
21:49:38.577 [Test worker] DEBUG org.springframework.test.annotation.ProfileValueUtils - Retrieved @ProfileValueSourceConfiguration [null] for test class [kom.task.domain.task.TaskRepositoryTest]
21:49:38.577 [Test worker] DEBUG org.springframework.test.annotation.ProfileValueUtils - Retrieved ProfileValueSource type [class org.springframework.test.annotation.SystemProfileValueSource] for class [kom.task.domain.task.TaskRepositoryTest]
21:49:38.578 [Test worker] DEBUG org.springframework.test.annotation.ProfileValueUtils - Retrieved @ProfileValueSourceConfiguration [null] for test class [kom.task.domain.task.TaskRepositoryTest]
21:49:38.579 [Test worker] DEBUG org.springframework.test.annotation.ProfileValueUtils - Retrieved ProfileValueSource type [class org.springframework.test.annotation.SystemProfileValueSource] for class [kom.task.domain.task.TaskRepositoryTest]
21:49:38.579 [Test worker] DEBUG org.springframework.test.annotation.ProfileValueUtils - Retrieved @ProfileValueSourceConfiguration [null] for test class [kom.task.domain.task.TaskRepositoryTest]
21:49:38.579 [Test worker] DEBUG org.springframework.test.annotation.ProfileValueUtils - Retrieved ProfileValueSource type [class org.springframework.test.annotation.SystemProfileValueSource] for class [kom.task.domain.task.TaskRepositoryTest]
21:49:38.584 [Test worker] DEBUG org.springframework.test.context.support.AbstractDirtiesContextTestExecutionListener - Before test class: context [DefaultTestContext@3ae47429 testClass = TaskRepositoryTest, testInstance = [null], testMethod = [null], testException = [null], mergedContextConfiguration = [WebMergedContextConfiguration@34dd7f0f testClass = TaskRepositoryTest, locations = '{}', classes = '{class kom.task.Application}', contextInitializerClasses = '[]', activeProfiles = '{}', propertySourceLocations = '{}', propertySourceProperties = '{org.springframework.boot.test.context.SpringBootTestContextBootstrapper=true}', contextCustomizers = set[org.springframework.boot.test.autoconfigure.properties.PropertyMappingContextCustomizer@0, org.springframework.boot.test.autoconfigure.web.servlet.WebDriverContextCustomizerFactory$Customizer@664a4a1c, org.springframework.boot.test.context.filter.ExcludeFilterContextCustomizer@1f11cf94, org.springframework.boot.test.json.DuplicateJsonObjectContextCustomizerFactory$DuplicateJsonObjectContextCustomizer@263e5a6c, org.springframework.boot.test.mock.mockito.MockitoContextCustomizer@0, org.springframework.boot.test.web.client.TestRestTemplateContextCustomizer@588edbb7], resourceBasePath = 'src/main/webapp', contextLoader = 'org.springframework.boot.test.context.SpringBootContextLoader', parent = [null]], attributes = map['org.springframework.test.context.web.ServletTestExecutionListener.activateListener' -> true]], class annotated with @DirtiesContext [false] with mode [null].
21:49:38.584 [Test worker] DEBUG org.springframework.test.annotation.ProfileValueUtils - Retrieved @ProfileValueSourceConfiguration [null] for test class [kom.task.domain.task.TaskRepositoryTest]
21:49:38.584 [Test worker] DEBUG org.springframework.test.annotation.ProfileValueUtils - Retrieved ProfileValueSource type [class org.springframework.test.annotation.SystemProfileValueSource] for class [kom.task.domain.task.TaskRepositoryTest]
21:49:38.603 [Test worker] DEBUG org.springframework.test.context.support.TestPropertySourceUtils - Adding inlined properties to environment: {spring.jmx.enabled=false, org.springframework.boot.test.context.SpringBootTestContextBootstrapper=true, server.port=-1}

  .   ____          _            __ _ _
 /\\ / ___'_ __ _ _(_)_ __  __ _ \ \ \ \
( ( )\___ | '_ | '_| | '_ \/ _` | \ \ \ \
 \\/  ___)| |_)| | | | | || (_| |  ) ) ) )
  '  |____| .__|_| |_|_| |_\__, | / / / /
 =========|_|==============|___/=/_/_/_/
 :: Spring Boot ::        (v2.1.7.RELEASE)

2021-04-25 21:49:38.798  INFO 1456 --- [    Test worker] kom.task.domain.task.TaskRepositoryTest  : Starting TaskRepositoryTest on Komputers with PID 1456 (started by Komputer in C:\Users\Komputer\Desktop\Komputer\Projects\TASK\server)
2021-04-25 21:49:38.799  INFO 1456 --- [    Test worker] kom.task.domain.task.TaskRepositoryTest  : No active profile set, falling back to default profiles: default
2021-04-25 21:49:39.320  INFO 1456 --- [    Test worker] .s.d.r.c.RepositoryConfigurationDelegate : Bootstrapping Spring Data repositories in DEFAULT mode.
2021-04-25 21:49:39.388  INFO 1456 --- [    Test worker] .s.d.r.c.RepositoryConfigurationDelegate : Finished Spring Data repository scanning in 60ms. Found 1 repository interfaces.
2021-04-25 21:49:39.674  INFO 1456 --- [    Test worker] trationDelegate$BeanPostProcessorChecker : Bean 'org.springframework.transaction.annotation.ProxyTransactionManagementConfiguration' of type [org.springframework.transaction.annotation.ProxyTransactionManagementConfiguration$$EnhancerBySpringCGLIB$$9fd5eb9d] is not eligible for getting processed by all BeanPostProcessors (for example: not eligible for auto-proxying)
2021-04-25 21:49:39.819  INFO 1456 --- [    Test worker] com.zaxxer.hikari.HikariDataSource       : HikariPool-1 - Starting...
2021-04-25 21:49:39.979  INFO 1456 --- [    Test worker] com.zaxxer.hikari.HikariDataSource       : HikariPool-1 - Start completed.
2021-04-25 21:49:40.040  INFO 1456 --- [    Test worker] o.hibernate.jpa.internal.util.LogHelper  : HHH000204: Processing PersistenceUnitInfo [
	name: default
	...]
2021-04-25 21:49:40.096  INFO 1456 --- [    Test worker] org.hibernate.Version                    : HHH000412: Hibernate Core {5.3.10.Final}
2021-04-25 21:49:40.097  INFO 1456 --- [    Test worker] org.hibernate.cfg.Environment            : HHH000206: hibernate.properties not found
2021-04-25 21:49:40.222  INFO 1456 --- [    Test worker] o.hibernate.annotations.common.Version   : HCANN000001: Hibernate Commons Annotations {5.0.4.Final}
2021-04-25 21:49:40.345  INFO 1456 --- [    Test worker] org.hibernate.dialect.Dialect            : HHH000400: Using dialect: org.hibernate.dialect.H2Dialect
2021-04-25 21:49:40.865  INFO 1456 --- [    Test worker] o.h.t.schema.internal.SchemaCreatorImpl  : HHH000476: Executing import script 'org.hibernate.tool.schema.internal.exec.ScriptSourceInputNonExistentImpl@61ed3817'
2021-04-25 21:49:40.867  INFO 1456 --- [    Test worker] j.LocalContainerEntityManagerFactoryBean : Initialized JPA EntityManagerFactory for persistence unit 'default'
2021-04-25 21:49:41.624  INFO 1456 --- [    Test worker] o.s.s.concurrent.ThreadPoolTaskExecutor  : Initializing ExecutorService 'applicationTaskExecutor'
2021-04-25 21:49:41.679  WARN 1456 --- [    Test worker] aWebConfiguration$JpaWebMvcConfiguration : spring.jpa.open-in-view is enabled by default. Therefore, database queries may be performed during view rendering. Explicitly configure spring.jpa.open-in-view to disable this warning
2021-04-25 21:49:41.995  INFO 1456 --- [    Test worker] kom.task.domain.task.TaskRepositoryTest  : Started TaskRepositoryTest in 3.385 seconds (JVM running for 4.237)
2021-04-25 21:49:42.229  INFO 1456 --- [    Test worker] o.h.h.i.QueryTranslatorFactoryInitiator  : HHH000397: Using ASTQueryTranslatorFactory
]]></system-out>
  <system-err><![CDATA[]]></system-err>
</testsuite>
